23 2859 8761 546 3499 9433 683 1945 6367 3435 8521 5513 2808 9716 1519 361 48 3398 2622 7198 8892 8807 2065 1455 
12 726 6805 5642 2288 1239 4765 326 1111 84 7686 7792 8748 
19 5308 9610 8826 6529 2375 7353 1874 8680 9730 6140 8339 1193 9162 2047 6309 88 1394 9436 3982 
26 7344 7682 1587 3001 8927 2846 8347 1441 2078 2989 4464 9935 6590 3076 1500 3462 9835 187 8042 8715 3247 4491 9038 5911 7351 2190 
15 6150 582 5919 9478 153 3959 6582 7692 303 5920 9964 2351 5166 3496 8002 
14 1623 607 8620 8203 5107 9287 8736 8419 1790 4969 1422 2885 474 1200 
11 1630 568 9190 3512 4259 3461 3526 7684 8720 3570 824 
21 8264 3161 3680 2323 408 6830 4727 2899 6274 7829 697 7120 6812 6718 6484 2294 6743 8590 677 4593 2603 
12 96 6545 8076 1100 3339 6495 719 936 3262 9278 7643 2777 
18 4125 3201 6318 7855 5562 4651 5180 1030 6102 837 8196 1783 3448 577 3878 4208 9809 186 
20 1066 1883 7380 7019 9055 1926 9592 4549 4088 2621 3877 6860 4828 8075 6765 8378 2106 3242 9661 4939 
12 1178 3541 2150 9425 1644 4698 2267 8974 4816 1034 1990 4712 
21 7372 5764 7633 1854 1209 2048 4195 3277 4873 4166 7192 7116 4754 5830 4107 8995 5278 4395 6848 7653 2109 
27 8806 1315 8244 5943 2072 9166 7171 6082 3636 7587 5739 6877 4500 5816 90 1355 9037 9438 4478 5356 5234 6722 7631 6162 503 3473 5175 
13 9741 1335 7411 8201 6522 5382 1251 9071 8809 2541 8783 5829 6648 
7 718 1515 1214 2573 1420 3596 6164 
23 2876 9424 821 6181 789 2504 7292 9694 7032 4970 1543 4497 3476 1322 8496 7240 8014 3051 6904 4848 9017 5170 6617 
17 2928 5352 10 5027 9262 1560 5216 9105 2662 4159 4523 4744 2290 996 3662 4397 9167 
9 8071 6642 2026 5182 1757 2757 8682 9559 8149 
22 1900 9265 1832 5712 3401 9049 611 4093 7654 7901 2388 1721 7810 9874 8774 7483 6165 9031 4607 4924 4690 1682 
16 1061 3694 8118 1182 1992 8020 782 1620 8026 6446 3779 2173 6505 7960 3816 671 
14 1415 4372 213 4528 7440 2442 3329 9972 1218 2009 57 529 1637 2884 
16 1693 7037 7363 5163 5473 8239 9473 7506 2135 950 4300 6407 4507 1062 3710 80 
21 9727 1151 2160 7090 8986 6338 6920 2415 85 2356 5457 3135 5540 3088 2409 8109 138 7761 5113 4115 1047 
7 6574 6656 8905 2432 7575 1942 1131 
25 4410 5554 7505 215 5990 918 135 6824 9538 2519 1167 6303 7188 3537 7068 5061 7513 4890 9699 6025 1810 6117 5451 127 5082 
27 7615 8427 5535 881 1850 370 8104 3049 8955 9655 2270 4384 9613 8403 6714 714 4681 6858 3561 4147 5558 67 2557 5985 2571 9844 4358 
9 2581 9136 5313 9480 9456 7203 8047 5157 1618 
19 386 1934 6816 9594 612 3753 2695 1448 6773 3639 1609 7779 8697 4457 9148 8992 6861 6345 8555 
24 4318 3443 2920 4394 9725 7842 5815 1364 9870 2393 9314 6437 7224 7675 7703 8833 7497 1181 5310 527 3005 3150 5906 1843 
22 2359 6262 8085 6229 7746 3465 3830 2958 2285 5069 8459 4840 9079 4937 3961 2949 129 4913 3375 8704 1597 6561 
17 7882 3765 7296 6186 3364 3414 9119 3156 2963 8493 1555 659 8157 1438 7843 484 3356 
11 9019 9068 9657 2538 8539 4371 1861 3253 5295 1106 7253 
22 4536 3657 3907 3223 3967 516 1079 4689 6699 3267 3139 9091 9691 332 2682 6474 3580 7752 7354 3685 2214 4898 
16 6173 9000 5257 5371 8254 6061 801 1489 9511 190 6037 3629 95 9732 3682 1925 
12 3854 8344 1035 202 4141 4121 2452 6846 5754 3696 2936 6869 
9 7512 5622 8303 3869 9103 6563 6090 3477 9144 
13 6220 4008 825 1890 5529 3276 9768 3774 4244 8252 7444 4870 7706 
28 9157 1314 1170 649 922 3550 8387 6727 3770 3930 9042 2102 3610 9709 6939 4078 9843 7857 1116 1176 7966 9274 168 5570 7554 1487 8094 7331 
20 9851 9846 1235 5219 2589 4094 382 8126 8410 5267 7807 4009 9489 8498 5421 3212 8855 698 6818 5959 
26 6488 958 7014 800 482 162 5751 4529 1551 8772 3294 8312 4850 2034 1777 2311 1796 9158 9263 1689 7572 4309 7121 7266 7542 4356 
19 7891 3832 8299 7176 3902 2558 1164 1667 8237 9561 3404 3178 5950 4053 9908 4238 9744 4377 9355 
12 9549 6523 2536 3493 7933 9377 2126 2108 5904 4435 3354 7448 
24 6987 1583 8294 2713 1194 1511 4699 857 4525 3359 7661 9221 1123 6436 3300 1365 9611 740 8969 9969 9663 6161 7637 1309 
11 887 4518 4839 2994 6652 8931 3859 6686 7346 6794 8532 
22 4249 8616 6753 7685 513 8272 4016 8297 8390 2304 5140 1908 5018 1532 4715 1603 1414 8615 242 5026 7560 7377 
14 6414 83 8058 4219 8873 8343 5479 1041 953 1499 4082 1524 4176 5137 
27 2722 6024 53 1449 2971 8284 2520 8194 9245 7028 9620 4677 3446 2222 2272 6556 3786 6827 6128 5299 7149 744 9833 4044 4279 972 2685 
10 735 4297 8534 1635 5335 1447 3605 3663 4863 8306 
8 5971 5440 8323 5541 4979 5982 7690 1845 
23 6716 4959 3070 2601 208 5719 3525 6915 7265 6513 3732 5868 1240 8412 2752 4096 9110 7187 2390 841 5523 8896 4632 
24 395 1346 6491 4454 2567 5970 506 1436 27 128 5986 9360 1997 7455 8629 6678 6926 4585 1075 2565 1502 9572 9293 2766 
16 2863 9762 3895 2717 8599 7313 3344 3186 3958 5186 7687 2657 6002 9225 3222 5060 
18 6519 4739 4917 4106 1970 4919 6031 5357 2844 2447 9021 8651 9643 5872 9812 4357 4535 7231 
7 4902 5611 6252 6021 2364 2177 3466 
14 7735 3707 6528 9591 4222 3293 6299 2820 2118 9817 2834 6403 8565 5016 
12 1564 7969 4520 6564 2646 1710 5419 5191 2913 7995 6412 3540 
6 2296 1192 3909 4950 6466 7773 
26 9674 1393 5104 7743 3342 6670 9002 5778 969 5346 5684 9423 2781 4144 9029 959 9733 1266 412 8338 8946 6251 5347 3482 8277 2438 
12 8868 5746 4021 1221 8334 2741 8595 7741 6783 5553 7114 5783 
26 7873 9134 3807 6951 6324 1152 793 4674 2462 7781 5628 7754 3587 4387 1168 7005 5699 6387 8603 5482 3966 8115 752 991 4544 1738 
9 5796 7013 6639 7860 1382 6225 5805 3159 5840 
17 1943 9113 5425 3609 8099 6820 7260 8741 5882 9639 7137 7815 6157 7109 8695 2282 4853 
10 3391 3481 8448 2431 3823 7691 1291 4097 4122 7270 
15 9928 2799 63 3584 4301 9920 4947 1432 665 7399 8588 5366 6628 3394 7360 
21 4084 1862 7608 8667 8692 5088 6339 2906 2632 9983 7287 7364 7463 7528 3701 3285 5530 6925 6240 448 4314 
8 7475 5925 5071 130 8831 6042 6655 3708 
19 6604 8246 3912 7900 7428 4764 5730 8348 8916 6184 6476 5184 1789 8434 852 4068 1113 3582 7928 
8 3840 2216 7956 5491 6072 530 3539 6085 
7 7965 9397 7579 3245 9401 7110 3050 
27 4263 8525 6486 2861 1941 8175 4834 5196 120 772 8198 1102 8367 7967 5818 8407 567 3191 4920 3551 9407 8743 5852 3908 3567 7872 7009 
17 6286 5945 4984 6464 8292 7007 1002 214 5422 4768 6282 8286 2192 8031 3856 7179 9506 
26 7982 374 7864 3340 3426 6216 1130 8822 641 715 3000 6883 46 4067 3379 2184 7488 4499 6940 3459 313 8148 8310 9330 9858 1580 
13 2738 8447 6248 5635 709 8843 8640 4415 1125 3365 3054 3739 4329 
8 2687 8345 8773 9509 4526 7291 9527 4036 
14 9256 3597 43 7299 9510 2950 5510 954 77 1537 2506 1761 3428 6776 
15 4817 283 7737 2412 4806 3991 3601 9450 2166 5433 1329 461 8037 9313 8190 
5 3358 2175 115 5898 9393 
10 4256 9739 3376 8621 1538 4663 5217 9504 1451 2155 
19 3491 2874 1224 3820 7021 4866 5042 967 405 9707 6605 2740 7417 3438 589 3147 6503 4685 7381 
14 928 6290 3962 232 8632 7175 3917 9913 9132 2501 1670 4915 5017 3846 
8 6645 328 3546 7237 2465 1177 6575 2591 
17 9976 1206 4688 3399 4221 9435 7329 550 4661 3470 5249 2700 2385 5877 8596 4899 6226 
8 2904 2957 6123 5915 7990 9251 4379 8821 
22 8767 7507 1875 2916 9923 693 1631 7180 7498 8280 4184 1523 3607 3721 7339 1050 3557 2091 3432 5093 5589 9230 
24 2776 1964 1493 7278 8996 357 8285 1684 352 5188 8598 428 3572 9065 6857 9183 7368 907 7362 8863 9046 4782 9086 5497 
17 1000 5844 732 9847 6272 1643 2128 9884 1638 779 6654 2268 6567 6726 4532 3905 1697 
15 6138 7238 809 8878 3079 5706 581 1814 3292 288 7678 7012 6279 5285 2354 
14 1297 1159 523 9297 3290 1792 660 9752 9075 4910 1773 7907 2663 7619 
22 4895 3700 5582 6740 1480 2735 6315 342 2988 9422 5695 5766 3532 2439 8750 7430 381 25 8787 4128 2634 5068 
7 1263 499 8550 9084 2471 9824 8302 
11 4847 9078 3818 658 6356 1734 9934 7429 456 2518 1023 
9 7657 7642 6544 8133 7210 8958 1913 1733 7406 
14 4090 1430 5941 4832 8146 8209 9160 5954 3648 6463 2089 7838 8973 6855 
14 6329 3442 6542 4048 1711 826 5851 2956 7939 8143 8471 6811 8169 2241 
7 5193 3010 6634 6745 5693 6190 5998 
23 8766 2074 3635 3650 6719 636 688 4439 2543 4572 864 9819 7092 672 3655 3948 3045 1232 1666 5608 6172 8450 1857 
7 6822 4191 6680 902 9820 8224 8088 
10 5041 9316 4139 8523 2079 6608 8940 4494 1830 9186 
23 833 6625 9474 4453 3885 774 1349 8835 9106 6540 3590 9978 7246 5358 2407 676 6698 4227 8399 7124 5850 549 2183 
11 9619 701 6215 7590 5215 6001 7583 3244 7103 8227 3503 
20 5514 2024 4647 7665 8609 3266 1924 8730 1305 7193 1842 4278 1197 2817 1567 6669 5478 8816 4693 8811 
21 3697 4470 7852 4187 6988 3946 257 7930 9563 4378 1383 6176 6264 839 9546 6562 5603 3974 5524 5721 2787 
26 9087 1851 647 2281 50 1458 1501 1568 9488 3775 8796 5420 6352 1357 8630 1223 5675 3216 2097 3449 102 6263 7974 8782 9195 3469 
26 5192 6683 2552 6196 761 3421 8382 8554 2595 7750 916 4209 5527 5862 1029 7612 2422 241 7277 8291 9604 8486 1621 3660 9448 5498 
14 8965 9533 3360 154 3221 7384 9080 9816 3395 8077 4485 7656 3055 8966 
22 9327 331 6875 7130 5464 93 3973 4809 2515 4629 6485 422 450 1097 5777 4119 8135 9950 1264 1743 668 139 
24 4660 4524 1591 3283 2612 3197 5668 8889 8481 3947 8687 5255 2341 7034 6289 552 1613 4541 6763 4601 156 6182 5367 1561 
13 1384 2751 166 6791 4561 1054 1714 9003 5662 3059 3938 7272 6429 
6 7186 5062 2247 2718 8021 1535 
19 6308 4512 7305 1373 7258 4958 6400 6055 8693 862 7340 2004 6003 1736 6609 6079 2015 1828 5094 
20 5670 8413 4941 2526 3981 1686 3862 4455 4487 3527 689 1647 9742 319 7373 1781 6013 2835 6856 4742 
22 2352 3129 3447 2 700 9607 7802 3918 4212 9947 2466 1981 7106 5116 4114 400 2614 8528 7134 4857 6814 74 
16 6502 3622 3951 2954 423 7208 8093 8650 5409 1959 9033 1027 6026 5208 1891 2522 
27 8593 8638 8105 2054 2852 9368 9945 2030 1963 9748 6554 9584 126 3455 5045 8518 4035 1372 8336 1595 9880 7602 7259 9056 4164 7096 1632 
17 5756 2003 91 8784 3411 2580 6023 1977 1273 2523 4825 2548 3249 5260 5070 7763 174 
22 4664 388 3746 6802 4590 5326 284 6205 9477 2696 8731 6736 1770 5801 799 7508 1255 6004 8166 2233 1236 8944 
15 9900 4153 1836 9524 7709 9738 292 8513 4838 8473 9312 3891 7294 6689 7796 
8 8676 8890 1124 159 8842 7832 7798 4362 
26 163 41 9557 9514 3802 5259 745 4989 9270 5039 2076 8512 7630 8121 9264 9962 3261 7578 9595 414 7874 3198 9943 9328 7711 9180 
20 2017 387 9402 4867 9868 2720 8713 6779 9130 2790 7918 2261 613 4888 4713 7326 716 3271 2107 1509 
8 7861 3119 239 2887 1411 5794 7108 6865 
14 8368 5645 3090 4236 2758 2425 5426 1045 7263 4724 9644 4877 1787 2742 
22 5517 8854 4559 2505 2810 963 8330 1839 6313 9165 2911 6316 3257 6426 713 3451 8547 982 8475 6922 3939 2279 
14 6859 5651 8918 5532 6406 7388 7936 3263 6692 9708 5733 1578 1098 5490 
27 5288 1395 6105 4756 896 6124 7048 1424 5655 7387 7923 6277 9420 4682 5005 3102 3731 4587 3203 7046 2780 7520 7605 1348 4087 9292 8290 
4 203 2319 9763 8045 
12 9702 9912 7760 7394 4906 7999 6912 5934 889 4136 4810 1351 
23 6901 6674 1989 5049 6800 4745 8034 8215 9617 4515 2084 2171 4654 5597 7997 8108 42 2043 4045 6326 8484 7243 4026 
11 908 5516 9090 6948 5466 3645 7668 6744 7567 6815 1465 
23 5385 7070 6786 9364 5023 7016 3311 2783 5386 2972 152 7636 5980 9836 7365 1154 6163 2479 3484 356 5804 7419 1533 
5 2513 7942 3943 4679 873 
29 2894 5999 9684 9318 6104 3038 1421 9269 6643 6885 3730 3843 5445 3699 3579 1897 2174 2896 512 184 4331 5073 2555 8585 6447 1203 9597 3489 703 
16 9837 6737 2528 4063 7912 1470 9462 1530 2142 4251 1541 776 7142 2394 1105 9248 
29 6847 2883 5713 6667 6705 8993 9114 6027 9012 3450 699 1237 8127 5520 7800 2116 4605 6154 560 5955 9077 1461 3295 1980 7679 7062 4062 1729 6280 
25 9431 3817 9128 1433 2378 8560 2207 3498 3621 8199 7293 4777 2420 3474 4845 2873 1673 5686 2732 5792 8324 9946 7650 3334 7646 
32 3233 6030 40 354 9539 8557 7594 5000 5305 9881 2546 9305 279 4258 9386 9141 7856 2784 248 4907 3801 3583 4960 806 7683 4217 3237 670 4064 3182 2733 5700 
8 225 4312 5006 9406 4059 1949 8803 4027 
15 3487 7734 654 4642 1772 6543 3506 9062 7148 7471 8354 1138 8221 5004 7355 
19 8469 4352 2785 8182 5324 9823 7635 5556 5615 8035 9222 7094 7898 6415 5502 490 7573 8887 4936 
5 777 1867 3202 4796 6662 
16 6012 1596 8213 9282 3689 5878 5866 6775 1863 338 4758 5099 1593 5577 7971 9963 
12 9482 6029 6602 8009 3406 385 7753 5827 311 8470 3628 1155 
23 5233 6381 7286 4878 8258 6239 8819 2314 8681 3098 4152 2619 2036 2931 1323 3232 1053 9444 3573 9877 8820 8160 6420 
6 4011 2917 4260 2025 4109 2721 
20 5951 9231 4851 2400 5089 8079 1474 1820 5105 6706 1681 6842 2220 5968 3758 2841 2947 1289 802 285 
16 9405 2370 4738 684 7957 4055 2141 3291 1058 3389 5171 7816 5849 7408 9866 9213 
25 8188 5100 4868 7366 238 4884 9754 769 8652 112 4112 3990 9064 748 738 970 397 8540 7726 2901 7236 3323 9060 7285 1932 
13 3225 519 3383 1985 3116 5698 1332 8576 3146 2399 4403 6511 4653 
5 5717 1512 537 6377 7715 
24 9769 2467 1676 865 1337 4071 1592 3130 6478 7718 6135 9170 5164 4051 8644 5120 8768 7759 5692 8360 1725 3075 8573 1622 
17 3007 9471 2398 7871 3920 655 9044 9218 2512 4794 2997 1690 211 606 6175 6555 7140 
22 604 2037 9735 478 4985 1109 2402 4584 7820 5416 2204 8004 4862 8233 4017 9268 3092 1260 7422 8708 5187 7889 
4 6774 5991 3549 8990 
23 2324 183 5340 7510 4921 6677 7499 6307 3554 643 2585 4441 5975 3228 7580 8544 8153 1797 4033 7704 4205 6235 8779 
22 2517 1776 9849 6746 4885 3270 15 502 6710 9697 9202 39 5106 9855 1700 2478 2063 6990 2383 1330 9175 8140 
20 3594 7865 2805 6402 223 9347 595 3307 5143 189 6566 989 9806 5793 6996 278 3101 6375 4736 9300 
23 6801 8477 9228 9571 4986 3926 1463 888 4826 2045 8029 9237 7677 1660 3784 8813 3393 9441 7006 2923 7494 274 1871 
27 947 1513 924 8522 608 498 4449 425 4971 8270 3190 8812 876 4211 1771 1827 7745 7698 7566 6663 1468 8901 5963 6139 633 1984 6067 
18 9845 6629 6612 1187 5235 3419 1227 2981 5411 5694 9743 9731 2882 5271 8068 2123 2040 847 
7 5300 4200 4573 3409 2468 2053 3381 
16 146 1947 5298 2653 9409 1779 3751 680 4291 4471 696 4400 8902 8097 4202 3940 
23 8627 1392 6036 81 8950 9440 2943 2763 7454 4747 2437 8801 7993 7135 7562 3141 2756 9621 9085 9341 2649 9495 4262 
23 3752 1324 6451 477 5205 2731 4437 434 1629 4419 2110 2240 7167 9353 1345 2154 2199 3234 1048 9023 3167 244 8289 
7 1976 8039 2283 8915 563 1782 808 
9 9254 9679 5761 1228 1090 5394 8462 4411 4359 
14 4429 1902 6619 9671 4475 7379 6630 2366 8366 4423 8361 5979 3009 768 
8 8976 5091 6404 290 687 5860 892 5377 
13 9623 8857 7627 7239 2482 8243 5921 7764 6793 8449 7791 8758 5444 
7 2011 609 6332 3336 5035 8670 7720 
16 4282 7972 7383 5002 7080 2915 3169 6189 2060 7145 6916 6438 5333 3199 6512 3623 
11 9974 2939 9888 6571 8909 4717 103 151 2498 1407 3416 
18 1864 4706 3154 475 47 6807 3124 8631 3011 6882 4469 7689 2167 5372 1525 281 4667 909 
10 5031 2316 1784 3544 8073 7209 9181 2406 1160 1855 
11 9483 5025 3138 3333 9039 4517 2061 7738 8815 4000 7541 
10 2804 5086 5747 8711 8253 3314 5610 6898 1755 6902 
11 8446 4210 8422 22 7914 4058 2297 6033 6945 5428 2303 
15 1492 8960 7591 2419 4618 3193 1527 271 1165 5585 7584 462 449 4276 1068 
10 1719 1611 7929 2424 2665 6306 4626 1208 4650 5654 
13 2178 5722 4798 5903 7561 5808 4285 9469 7934 8665 6331 7010 4965 
22 5483 376 7401 8920 5314 6672 7848 3686 8932 3795 2829 6829 9011 8526 711 5317 7309 4807 5933 6362 5034 8917 
6 116 3919 2384 8732 6525 775 
10 987 803 9688 4855 632 5220 4001 5983 868 4583 
25 8533 217 3066 6785 9164 9457 8003 2903 5864 273 2395 3338 1342 739 7614 4732 9959 4072 9722 4003 2675 7770 4004 4255 9718 
27 6159 1762 9767 8141 463 4270 4250 7341 7915 8970 6712 2062 121 8024 8659 6043 4982 7839 4409 6054 8040 1188 6442 6831 2661 7168 751 
25 9948 1262 9325 5014 3308 8886 7701 9593 8172 7156 4223 2087 7790 8167 5910 2631 2539 1905 8165 5696 4564 8161 656 9632 4481 
14 9579 2842 6839 7571 5569 5636 3454 8760 5847 5957 2641 3444 7245 492 
13 9235 2454 3507 2892 877 5769 6970 7232 1671 7047 1803 9547 4501 
13 9140 7465 6498 6238 2942 5050 8025 9556 8975 9419 6593 6062 1186 
18 4948 9919 7552 9208 6473 5593 8314 6091 230 3977 2499 9988 7064 8551 9863 1460 921 227 
13 4781 2464 6155 2291 1 9926 8703 2984 8383 520 9704 872 2613 
24 6156 1013 3813 9565 8800 5189 4628 6425 1740 3418 3112 9516 7844 6751 7516 5810 4438 531 1904 8830 4619 117 2729 6038 
13 9952 6204 384 6041 1590 2367 2991 8317 524 6327 243 7725 7913 
16 7548 6596 4821 6695 9156 7337 7085 4762 3024 2979 377 1406 3341 4815 1627 4966 
17 3362 6120 1229 6570 7129 6803 9226 9968 5181 2765 8954 7040 2213 878 2039 7502 1320 
8 442 6199 9705 1817 1988 3855 7663 1601 
16 9553 9267 3331 2607 4029 9789 553 9286 3566 4879 4171 817 2320 3371 7164 8553 
24 4704 4335 2965 5948 3521 5584 483 2159 8329 6219 2850 7099 7870 1979 883 2147 6532 4167 2673 1800 3897 2959 5374 9902 
26 5621 347 8485 1838 7822 1302 3672 1281 7949 2325 7846 3776 8072 9675 6089 9395 798 2244 9872 5043 5956 7786 3999 3577 1466 3510 
16 666 473 2139 9351 9957 5284 6198 941 4514 3058 3152 760 1476 3330 6691 4533 
14 7333 3508 9755 9449 7205 9437 1921 1475 2676 3625 5689 7322 4804 5757 
19 565 8158 8662 5496 8673 4213 4245 3127 2948 4733 7534 6982 8370 2867 4007 4307 4669 403 5969 
26 5727 3865 7255 9323 5899 5087 6430 2584 5708 6146 5456 6790 4024 1065 5548 9490 4302 2854 305 375 9682 9219 8963 9205 8273 8875 
10 5218 8967 4946 6256 5907 1040 6938 2254 4684 5195 
14 874 2434 9357 2535 7020 9914 3616 4578 1276 3086 8637 222 6825 3901 
9 4849 1005 306 2365 2788 4389 19 8502 2455 
17 1786 2670 905 4673 9550 8212 6382 7501 2156 4710 5033 536 5072 4440 3437 8727 4322 
4 3555 3735 7325 4876 
3 1135 6374 3560 
12 9779 3578 5134 3065 1277 5887 2445 6363 7727 9112 5268 3675 
18 3236 6762 5780 3258 21 4711 3373 6888 2551 5424 9306 9631 3970 28 7569 1715 2639 5074 
18 9895 4894 9376 495 7626 4467 8357 2179 1605 8225 6270 4718 1717 9322 9363 5270 8669 5966 
7 920 8719 2148 743 1937 8425 7347 
28 2999 7043 2217 4092 9666 6823 4248 249 6385 7674 7226 5083 8524 8729 124 9799 7866 7418 6292 379 4980 897 1477 4459 501 5858 8531 5715 
22 708 2924 754 5172 6600 8458 2344 8191 2056 4031 880 6034 1873 3646 8052 9627 8234 2559 2630 9224 4406 5323 
11 8242 2898 7777 7805 9864 8164 2346 199 9786 1004 6541 
22 98 1096 3556 7169 355 5040 7000 1331 2772 961 7077 2851 1606 7230 4025 1822 8236 4442 2686 6932 277 3060 
15 6200 8218 2105 372 3091 4050 8938 7794 4274 6398 7320 5156 3782 4623 1339 
13 1818 1860 539 6879 8753 6708 7952 9026 3888 3736 6452 3613 9234 
10 6784 517 8359 8922 6704 5741 2995 8318 3654 3916 
16 439 8987 3188 2404 9981 6527 4376 24 9570 3575 8444 3031 3992 4652 7462 8018 
4 2869 7948 8051 8436 
19 9358 1508 4787 6509 6460 4340 8799 8962 3083 5567 4925 9505 1402 3072 7712 333 5387 6510 415 
12 45 4020 895 1143 6020 7191 4637 109 9320 4675 3200 3993 
24 695 3235 2489 8828 9518 7699 2397 8562 4150 6121 2714 9276 5619 6234 457 6550 8173 515 2237 5962 3501 1896 2104 912 
16 3133 2377 5155 8827 7879 7867 8416 2414 559 3972 6179 2838 6115 7206 7152 9810 
15 9955 3827 6069 846 8262 1313 8610 1922 8353 4194 7474 2044 5008 3988 2470 
5 9463 5885 4871 7804 859 
15 5201 8848 4646 9512 4714 541 3867 8013 6319 629 2140 4002 7916 9361 9696 
25 433 4143 9116 6849 8737 8064 3434 9815 9740 7490 8856 9288 5709 104 3873 6989 4117 7402 4824 2719 7132 256 7189 4196 9497 
6 1399 4993 6228 2006 2782 8788 
13 622 8128 9030 1727 2497 7553 542 5135 7629 5441 1081 3439 8030 
25 8624 5379 7066 8415 2590 8300 3173 5009 586 4345 6192 6771 2059 5552 1104 9015 7876 9052 3136 8804 9475 1833 8798 9706 3078 
18 5996 8033 9047 1872 6583 4749 8059 7414 3651 6305 6578 933 6359 576 9458 5702 2151 6961 
10 9852 6985 5369 5914 7415 29 9564 6591 4830 2284 
20 1553 4617 4569 8705 2486 4643 5237 9303 7456 8679 6333 7248 3475 9778 3808 2021 3761 1664 3906 6963 
25 3624 339 4582 4705 6966 2012 55 6641 9802 5853 9701 1769 6188 7926 5052 6174 993 1046 5154 2197 855 7045 26 5744 5384 
23 843 1183 663 940 7564 3772 9523 378 6083 6659 4043 6130 8536 100 8721 8649 2476 350 4326 272 9452 470 6903 
13 7555 3875 9654 8228 1024 3215 1376 1078 5917 2401 169 9216 106 
13 7319 34 5575 4789 6444 9428 3826 9283 5506 4505 212 2212 7370 
24 2340 6066 318 8914 4428 2907 8906 4842 2234 5465 5627 2871 9967 5258 6755 2642 2935 2672 6078 9022 5210 1774 9242 454 
22 7927 7398 9917 3568 7330 528 5809 348 3534 2576 3 6340 8296 5211 6679 2605 4701 2652 8162 6337 451 875 
19 8136 7041 6454 3714 9272 8549 5282 4722 1651 525 5705 6910 9193 4346 930 8935 9583 505 7197 
15 6110 9142 2010 35 6956 8187 2033 1412 3230 5614 1888 9897 8542 884 3821 
9 734 3729 600 2335 5511 6547 3468 1884 1199 
6 4555 8563 3608 1911 866 3149 
19 6995 6145 6548 4571 8328 7119 6709 5704 4881 255 9788 8645 4065 177 3036 3231 9680 7435 8048 
11 4280 5605 9985 9346 6360 5559 8101 3374 2480 4214 5291 
16 1504 4963 9678 999 2960 9515 6907 7862 3269 1720 6490 4856 7153 5771 4327 196 
16 694 2068 8074 2681 3661 686 4513 2702 157 9830 3614 4546 9966 2545 9416 2493 
19 3833 8245 282 7314 9784 2088 9177 6171 8795 2016 1352 8027 5468 6493 2986 2315 6675 9780 2451 
11 6357 2566 2527 23 297 5743 7323 3927 6009 1747 6530 
18 6536 5213 2035 9192 9710 2857 1723 691 3630 7361 8605 8978 2938 3026 1688 9883 1978 1369 
22 7024 6325 4334 5625 5534 7757 1025 5111 3103 6431 3165 7645 3433 9575 1912 5583 8055 7276 7447 9652 245 6203 
17 5763 3105 7648 8805 4658 5341 9102 4006 4330 3666 842 494 4621 832 201 7976 968 
4 5879 9295 2736 2912 
7 105 9252 493 3281 8571 6457 6787 
21 9712 9238 6658 1775 275 2345 6572 4630 6638 1846 9612 2112 514 5716 5690 7515 2443 5803 5373 9882 9651 
22 4900 957 1521 8817 4468 7486 1396 9624 8006 2355 1179 7599 9930 5355 7357 9247 9138 435 2644 8159 3542 1656 
27 6923 9641 6393 1434 1649 173 3684 7177 6724 2198 2708 853 946 2560 8614 6757 7438 1819 1960 813 6799 7558 7107 6752 7598 8150 1944 
20 9724 114 2181 8351 267 4645 9394 363 1409 8945 3282 4460 6866 4175 3104 4819 6977 445 7091 9337 
18 1257 5090 3879 2308 3693 1428 8864 7385 674 3949 7672 4992 8489 6804 3436 5674 4405 3006 
22 4130 2615 7104 3494 1299 6764 9616 160 7400 2020 4686 5724 6974 771 30 2996 7321 7071 2229 4620 6410 8686 
21 956 6293 9683 704 8395 3039 556 7920 3296 5564 7624 4316 997 9992 8435 4198 949 8177 730 8755 5930 
9 2008 3925 2895 9349 3413 8200 814 8792 886 
18 9534 8961 6821 3361 890 8406 5486 8062 5240 7924 6971 1956 380 7883 8346 575 5856 9576 
20 1117 8601 2426 171 2577 7493 7076 5565 7987 1494 4836 8494 3174 6243 8824 6423 8220 2023 2444 5598 
21 8785 7729 315 2162 5389 3305 3030 8028 7543 6094 6213 1882 8793 4567 3074 5595 4659 125 1485 1640 984 
14 3471 8699 8504 8464 3068 8316 2640 9348 7425 1368 584 5303 7147 4426 
14 2382 1211 7451 9869 6850 4552 9933 9209 4086 1565 2570 52 7141 7909 
21 4012 8102 7097 5519 220 7894 2164 8432 5470 8844 9949 3123 2532 975 4032 2553 2745 2485 8979 9378 294 
23 4396 8691 5908 5301 9104 2125 7031 3013 5292 1388 6810 2027 9498 4477 8840 5561 5875 2927 8617 6296 2919 155 6930 
20 1259 7315 6681 3963 3148 7100 6647 6730 3896 8872 481 585 3108 1282 9542 5262 9751 6517 2645 5779 
17 3915 9379 3524 6597 3176 6443 4770 2633 268 1140 3420 6909 533 5658 3194 1391 727 
24 3798 985 7117 5807 6048 2980 1169 6125 1308 4562 1516 2768 8103 2292 3783 9001 2350 4123 3547 867 7680 2837 4495 9862 
26 3027 6397 6777 1171 2218 5748 9774 3082 4336 9896 9381 4957 8511 2215 7098 561 1353 5487 5212 8952 7063 5007 6657 5149 5770 7280 
22 1296 8745 6391 9899 4537 1101 640 4521 8478 5406 3904 1012 2710 6928 5495 4113 8628 4740 2930 1166 4835 8207 
13 4038 2749 2242 3640 1142 3047 8342 1375 4558 4775 964 233 8335 
13 3747 4831 9211 5711 5364 1920 3748 344 7556 5649 1806 6106 2129 
20 1994 9403 1220 6101 5600 952 8428 6581 3722 8569 3603 1431 7697 3425 5503 8010 4801 8586 6960 7640 
26 5158 2952 1982 9275 1528 3790 5287 8181 1768 8786 5837 893 9050 149 7819 7917 6758 2693 3602 3077 9163 8376 4247 5992 9998 2295 
19 3799 2305 8263 8988 5576 7195 164 4874 3424 4543 6999 583 4368 6601 7061 3924 9429 3022 7812 
21 5122 733 5417 2941 5274 870 724 720 7973 9647 3921 4792 2373 3170 161 8193 9018 1459 6086 6276 9526 
5 4414 5480 8204 9244 9980 
25 8049 2260 6267 9137 543 1175 8437 3659 2417 7072 353 4639 6504 8250 2245 8476 7211 2495 2537 3025 6346 6838 4772 8500 3385 
25 9586 260 1767 195 3740 7647 5870 1735 3845 4591 5238 8739 8851 2085 8288 7788 3256 8081 150 5036 1791 7897 2715 9629 8764 
25 8694 2413 6378 1679 5304 2330 4657 7078 2119 1286 8926 6432 399 2748 420 4299 3538 9602 6893 594 5601 4365 9492 4252 8266 
14 4829 5092 4165 7570 8491 5802 1496 1317 8883 6314 5167 5427 6854 1092 
18 5139 2684 7207 9199 7994 1389 7275 1464 320 4218 741 945 1745 8991 7581 6202 1702 9667 
26 6526 5133 8956 2461 4046 2524 9687 7535 2357 8309 5981 8505 9447 3345 6347 7958 175 66 8814 1748 5381 592 3144 2967 1604 7854 
13 141 2333 5132 3122 6610 5102 2791 951 9979 1010 1110 7271 2206 
27 2248 509 2992 6056 5430 1968 2600 5375 1852 2389 4206 4014 6201 6897 1071 7622 9890 8559 5789 6754 8283 8067 5453 396 3595 5168 6283 
5 6321 4204 2496 2866 1687 
21 7693 8933 863 3910 7604 8116 5639 6953 8402 639 5349 3743 854 7787 9996 544 2563 6684 1716 1709 6580 
13 4767 1252 7464 8738 4168 7095 9581 7352 9531 6735 9350 9886 4761 
7 9375 1880 4421 8791 6396 1269 5227 
10 9925 6039 2494 7728 1650 2239 3181 8061 4631 9853 
22 9598 5507 7492 5880 2809 5405 4235 3495 5124 780 8520 4852 5176 4118 2246 7267 9544 1753 5080 1265 7755 8015 
16 8214 4207 7162 3384 459 8597 823 1067 3457 1272 4155 7988 5832 6538 3326 7403 
22 2556 8989 8728 6711 9366 322 5607 1361 9410 6588 5835 6064 4264 2921 2934 1674 4734 6560 6103 8656 6589 5183 
15 4486 330 5021 5768 7382 97 6942 4687 5437 1626 4930 4935 9659 9832 9664 
23 1696 6366 6281 4370 2228 767 8953 7466 497 7249 9758 1901 9894 94 3564 4974 7216 9630 5330 9681 3849 2191 1589 
24 4343 7288 2230 8259 5967 1072 3866 1612 4351 2599 1457 1894 1033 580 9289 6905 1885 1011 5128 4104 7397 5679 32 871 
24 5320 9951 4237 7060 1634 2547 5214 8591 6649 3592 8930 4843 3704 4225 4496 7342 304 4694 6558 8810 4232 7150 3894 8421 
17 5351 5566 61 3960 9848 5572 8439 496 6808 8623 3717 7284 3828 6703 8567 7638 5620 
26 4190 4703 5913 9150 7082 1685 4615 5525 7823 8689 3299 7113 5725 2549 5339 1799 816 3763 508 3606 5587 2336 2868 2587 4788 3756 
17 5161 2189 545 8907 4916 7125 1973 8023 9961 8400 8417 4786 619 4489 8904 487 7536 
19 7282 8495 1069 894 4547 6456 3073 8007 6480 5112 8016 2158 8881 6000 3754 1539 8530 8583 2969 
23 977 9035 4265 7840 1008 6389 7549 9045 3328 5396 5393 4100 1534 276 3785 2572 8179 4137 6134 6636 7547 147 1042 
14 2338 1037 2966 6868 9331 1695 444 8298 5401 4990 6952 3986 9633 6304 
6 6747 7532 9152 364 5633 7877 
18 4636 3490 7799 9665 9388 7588 1094 8379 521 6884 9464 6114 7220 1557 1340 5952 4333 4030 
25 489 5681 8937 2274 1132 3241 9362 3115 9239 4784 8373 692 6475 6116 7893 9871 6832 815 9805 6247 786 8050 1946 6851 5893 
20 9207 3196 1780 5823 3979 6413 2982 5640 2762 7837 8381 4773 942 2121 209 9554 3387 3509 7811 7262 
4 9954 402 8184 6075 
11 1307 851 4709 8775 7793 4388 5332 6059 8261 3824 8420 
17 5019 9191 7504 8675 4964 5117 2124 8776 8841 9737 7196 6268 1750 9636 9939 9479 2728 
26 1678 1136 1598 6424 7442 974 6891 365 4039 2900 3208 4776 4353 5568 7620 9800 3377 7762 6975 409 2132 6927 7721 4614 8151 6178 
19 2099 6353 4944 8928 5307 3502 5097 6098 9649 5350 8307 7724 9989 4456 6422 9240 3157 8293 5245 
27 9842 8845 9074 1918 2477 1741 5734 8247 8997 3553 7975 1370 5306 9481 7386 2655 2712 9333 4942 8566 4892 9804 8668 2753 6160 2875 2635 
7 2617 2371 7468 2256 6180 9054 6471 
19 3397 9865 9421 1256 5484 6622 4347 1866 6211 9685 9335 5958 6386 3777 2737 3114 9082 9734 7945 
18 180 7405 3067 6392 5123 261 9382 7118 3403 6969 2205 293 7609 2082 3692 9645 7503 4272 
18 2909 3392 6660 8578 92 250 1856 9384 9987 6637 534 547 7250 37 4565 1756 9319 6874 
7 4328 2816 3511 8971 6565 7201 9121 
17 8546 6483 4019 7538 7723 3210 4080 3598 3585 7531 8661 518 1993 2459 8984 2711 185 
28 6738 2974 8304 7886 7247 5905 6244 1907 7595 5160 7222 3463 5732 3997 3137 7302 118 3351 3239 9345 3251 2796 1450 3691 5656 5984 3160 1955 
7 1831 8757 4452 591 9901 3599 9459 
24 1325 467 5993 5892 8176 7911 753 9513 5664 627 3453 3213 1870 6798 5579 2348 4502 3788 5550 4360 6921 8442 1215 3044 
13 1531 3366 9411 6984 8869 4594 5995 2690 9460 1625 7433 9159 7122 
8 8747 4074 4566 1752 1889 1563 9418 9785 
22 2910 8725 8017 4912 3445 7301 2153 8903 3430 6255 4882 2793 1250 5309 6379 7025 178 11 9761 5012 2358 5824 
12 6068 2187 3017 7778 8038 4602 3839 5902 9324 4880 1844 7015 
11 7453 9541 6615 2602 7229 9503 9233 5799 9640 266 9889 
16 5228 198 9385 5448 64 7903 310 5663 1746 5400 978 4858 4066 4511 4746 7592 
18 1222 3893 9729 6908 2831 7172 6132 5481 6728 617 578 6965 510 5250 9965 8326 9408 2430 
26 8110 3057 4692 6168 6265 6946 1446 7797 8129 9299 5076 4893 9258 1933 610 4344 5101 6896 836 9053 4430 4028 5526 1906 9757 1914 
13 2582 9284 7585 7318 9879 1486 3483 3062 8742 1785 2688 6245 4101 
23 4988 4973 1217 6131 1119 3029 7978 9801 4154 8746 2429 1639 4188 5241 8063 9867 3315 286 8664 736 2264 1548 6734 
11 4293 6633 5785 7086 7312 3319 1381 1298 7961 1121 1610 
17 4102 3574 8229 7234 7178 3227 4170 1835 2278 6223 4138 8642 4666 5861 1967 9628 5630 
13 1386 2360 417 4588 8440 1245 731 9574 2000 2774 2436 3713 6967 
21 3523 856 7334 6729 4085 9020 8749 5710 3545 7921 2137 7707 6871 9070 9092 9508 9043 4461 3205 9822 2881 
3 5522 5782 2418 
15 9291 2978 419 1371 8219 9250 9543 1853 4341 1146 9182 7392 335 9246 1316 
27 5360 280 5001 4665 990 6218 2937 7155 7004 5380 973 6006 2405 9496 8426 2031 4997 849 2473 9133 6081 1692 9828 1073 9626 8392 7018 
22 830 5391 3593 6224 8506 5098 6809 1292 5359 4349 8672 6169 9187 3061 6696 9171 8186 137 5701 6008 3052 8431 
11 252 8548 6836 2235 8968 9139 8509 4493 9389 8882 119 
14 7710 8111 6666 6749 3789 471 6261 2075 4586 2802 5632 3976 4407 76 
17 4656 7407 441 1840 1423 4644 1253 5729 5976 1328 1416 1749 5203 5901 2374 6122 7695 
11 2667 7546 7613 3370 1201 9273 2327 728 2440 1996 1311 
15 7101 8778 3004 1999 3759 678 9548 7327 4098 368 7298 4945 3757 7610 8885 
3 3935 7227 6416 
15 4224 1930 9212 1628 5279 4366 9944 4638 4317 661 2453 6537 2041 6694 2534 
6 3881 219 4420 5289 1778 7256 
8 5136 7887 2176 8197 8362 6297 7449 7212 
18 1815 4323 2186 6769 1655 614 7931 8688 4854 5539 8998 6906 2975 5344 9807 1503 6863 7932 
6 9994 3158 6924 476 4482 3008 
22 657 1471 601 7806 6197 6149 1763 1566 1654 3851 5222 3842 819 1588 9100 1953 9232 6372 17 8268 8545 9006 
25 965 210 4111 2386 1572 5678 3142 1051 6713 6312 787 6137 8271 4981 366 2263 2542 2945 1672 8060 934 6772 2955 6584 5169 
18 4075 2769 3913 4914 1550 4978 634 9670 1056 9826 6222 4635 7962 369 2596 3874 9653 6409 
15 4932 1965 8248 3530 9185 7632 133 6450 2944 3316 6862 7551 9370 6552 682 
20 5767 7944 5863 2269 4575 3829 1491 8155 9194 7941 4073 4398 7659 2144 69 6361 645 9686 1016 235 
6 6126 6249 3321 7081 2236 9723 
8 3647 6014 359 1321 7769 7782 5383 5243 
9 7389 9537 8564 8823 4070 4173 2081 1363 2825 
8 8107 9588 6620 7716 2525 5165 6469 1358 
7 9941 6741 7446 7884 2660 113 8771 
8 1554 1804 2760 8192 8325 4579 6913 334 
10 4648 1319 5329 8709 3615 9118 7420 6607 9109 5512 
11 6142 6076 8401 6515 4624 3168 9027 3085 5626 2052 9466 
22 6298 2313 5263 2694 9783 7217 7143 1031 4550 4034 7445 4805 1026 4473 8241 9372 5054 3778 2293 7102 6661 4634 
15 9122 8170 1724 992 979 3018 4246 5032 6237 8951 6206 2706 7075 7174 340 
25 3452 8516 4613 8860 9485 2990 7576 4201 72 8281 5462 4089 3844 8911 9605 599 5402 9821 1387 8274 8134 1453 646 4289 986 
20 7628 983 6813 300 7056 5064 458 6983 4404 2561 2933 7853 6900 9101 5475 1707 5500 2396 2771 9298 
19 3738 3317 5602 6336 7890 2507 2648 2343 4872 9798 4730 6376 2754 4625 6682 7439 1816 7940 5336 
26 2250 1310 6880 3155 2797 8529 7904 2611 7730 3955 938 4498 2403 1518 5302 6579 9153 2093 3337 1283 9838 7457 3016 1294 5343 6053 
10 78 1529 3565 253 7500 9859 1995 3320 3667 9188 
23 309 4696 8438 4748 9958 4875 2789 5118 1145 9412 216 4771 554 4450 5452 7984 9083 8895 3278 4076 500 9442 596 
21 6462 7461 2095 6733 7875 1267 9392 5353 4443 6947 2257 9179 8125 6833 9911 1834 6301 9155 9151 6320 7088 
17 7830 7652 3163 2231 8587 1986 3536 943 3325 3989 7316 7785 9143 6742 2209 7808 2636 
5 2143 7525 9927 773 6418 
14 1198 2651 8832 7809 4163 3372 3674 6133 5059 254 511 9698 7557 2578 
21 9073 8653 3531 3332 6873 4608 9487 6962 9135 1886 2057 8698 9790 1443 3513 6756 742 1824 4433 8829 4373 
25 2856 4833 3796 5590 205 5537 8445 7574 1271 4355 4560 5472 6253 9321 453 1057 6399 5109 4369 2381 6780 6539 2680 5256 2077 
8 507 3669 9249 9302 6618 6767 6208 2739 
16 7749 4869 2180 4800 4503 3767 8231 929 122 6044 9975 3709 8780 7998 4720 6455 
11 2511 4056 8936 8972 4135 4234 2973 9562 3936 2893 3980 
22 6864 3673 6119 4290 8584 9072 7434 812 9127 2362 6058 7521 5221 7935 9028 2334 2832 2531 2042 4597 3368 7371 
20 3410 9229 7273 7616 5687 3081 3117 2500 9089 6459 6344 5442 1429 8981 7662 4382 6707 1869 9720 5909 
7 4887 6141 5881 3145 9522 3396 9634 
13 1246 9795 206 4953 5463 6129 3519 1879 9111 7190 2332 1189 8671 
26 4802 5738 3968 3805 1248 9566 3773 2368 7479 485 1233 6886 4539 5786 9658 9825 5888 2122 7651 3220 3750 8460 8086 8763 6587 621 
19 2275 1910 3352 8189 2299 6187 7065 7194 8257 8492 200 9400 935 4105 1163 6380 7582 3505 7345 
12 5247 7847 2828 4940 3760 262 9625 1469 7396 7768 7666 1017 
23 4099 4595 3841 5929 1794 2568 8871 1435 2626 7529 2678 1338 4472 615 1974 1584 1444 3099 6739 6778 2051 7925 624 
16 5838 7817 4060 3121 4228 5660 5477 9255 1859 6370 2977 2086 572 5226 5994 7849 
23 4233 3811 2149 1876 65 3847 1417 5650 394 6047 3952 6167 6697 9470 850 2115 3632 193 3412 7732 3053 6806 3353 
23 9929 7221 8646 4903 8575 1668 172 8876 6231 3195 6269 9813 1624 5557 914 2309 538 7274 7160 8852 8112 3214 723 
23 2433 6077 1505 618 3429 7477 6843 7708 1326 134 194 7328 9009 5728 2654 3211 4266 7922 8574 1275 8510 3793 4938 
