4 230 169 124 221 
3 216 250 28 
3 96 98 167 
3 0 277 112 
4 165 234 35 32 
3 242 40 36 
4 183 180 174 291 
3 33 181 39 
3 55 179 202 
3 65 281 223 
3 116 31 214 
3 296 238 29 
3 255 53 168 
3 54 244 292 
3 196 128 34 
3 188 45 108 
3 204 85 289 
3 275 239 78 
3 106 217 87 
3 41 142 185 
3 184 284 264 
3 282 199 164 
3 182 249 121 
3 102 99 265 
3 172 212 12 
3 51 110 146 
3 122 88 176 
3 75 157 141 
3 266 241 103 
3 271 71 80 
3 222 72 115 
3 155 4 14 
3 82 8 152 
3 7 64 104 
3 294 26 280 
3 158 148 145 
3 295 192 134 
3 43 162 68 
3 67 111 259 
3 254 159 59 
3 286 243 154 
3 209 297 246 
3 268 299 100 
3 203 228 50 
3 207 288 24 
3 133 86 252 
3 3 256 210 
3 258 62 126 
3 66 27 161 
3 89 231 127 
3 13 253 17 
3 260 191 251 
3 215 236 276 
3 11 30 136 
3 170 220 120 
3 92 47 298 
3 186 95 177 
3 58 61 206 
3 262 160 137 
3 290 143 197 
3 227 109 233 
3 193 163 229 
3 23 1 15 
3 195 218 272 
3 273 97 22 
3 73 150 194 
3 285 37 237 
3 225 190 123 
3 269 107 270 
3 117 279 74 
3 42 189 144 
3 56 46 114 
3 105 94 147 
3 6 69 18 
3 171 140 135 
3 208 283 187 
3 263 211 90 
3 38 119 52 
3 63 25 173 
3 240 125 48 
3 156 293 10 
3 101 278 261 
3 70 60 49 
3 200 132 287 
3 93 57 178 
3 19 257 201 
3 131 247 198 
3 213 76 153 
3 77 83 267 
3 44 84 235 
3 129 9 118 
3 175 79 139 
3 245 151 138 
3 226 5 274 
3 81 149 21 
3 2 113 16 
2 205 224 
2 91 219 
3 130 232 248 
2 20 166 
