26 5051 7803 1775 7432 3164 7509 5322 5799 8177 7477 7450 5831 2901 5677 7926 8441 992 713 4821 2352 4702 9061 247 2399 3346 5058 
27 4739 559 1833 6274 1117 7175 2733 987 9679 3091 8109 6760 1927 2255 9798 7150 5454 9968 8462 7680 1501 9034 191 8199 9762 7020 4978 
31 7956 5012 515 4534 7846 4653 4950 953 3580 9997 8782 2422 9505 5907 5988 4245 82 3072 4318 6290 1425 1000 3707 7363 1567 7203 6971 3221 495 6873 8794 
28 8908 473 180 181 7387 9256 1786 2557 2820 5730 3592 5569 5079 8154 2968 801 8072 8878 7355 8695 622 4733 5822 2750 29 7326 6756 8089 
27 6293 9622 3018 9544 7842 1635 6384 9579 8448 2771 5575 9949 1928 2752 2854 1273 7611 731 1720 5286 4060 9489 7182 7919 6100 3395 5547 
25 7990 8871 3953 8764 838 5501 8887 2794 2031 1813 155 2975 470 5595 9924 26 9270 5110 875 7892 796 6599 5940 5022 5057 
27 6771 7247 2277 194 621 6444 2279 7262 8047 4547 8114 8381 5440 2086 220 5424 6053 8023 2753 1401 9333 7827 7929 2303 2532 8019 7938 
30 3014 8335 8034 8943 36 8881 2334 1311 8113 7907 6310 2631 4370 5655 8033 8185 7381 9463 5432 7728 8282 6894 7431 6959 5591 8763 9125 9360 8231 1598 
33 8093 6626 5479 6606 9163 5756 6685 5978 3692 6924 7367 5404 2173 218 8509 9711 5119 6831 1249 3272 980 7562 7279 5847 9202 5793 2016 8266 467 6770 4506 8820 7440 
27 6541 9186 7319 4762 1111 9804 3617 8487 8108 7830 9713 507 4021 6214 3544 4920 3540 9226 3336 2581 9121 5887 7710 9902 3080 9302 9739 
29 294 7784 2010 7197 4225 5706 4228 3246 8950 2681 5697 2942 1434 4142 3602 4443 8810 5942 6470 8840 8735 870 8536 1173 9335 5469 4805 5672 2814 
30 1656 5958 2728 8300 8983 8668 4813 2282 747 2100 8726 9431 3545 6620 1110 136 4706 7590 9994 8989 2718 2251 807 9916 3898 2677 2331 1177 1574 4777 
24 5287 1108 7944 9951 6208 5721 2779 4473 3730 51 2259 8067 715 1382 2179 7123 3861 1438 170 6520 7759 9655 9255 7324 
27 7821 2216 5606 9664 9507 7537 1112 542 9786 1295 6747 8746 7984 1118 550 5395 3200 6577 8162 8949 5679 5498 6908 9478 1585 117 4281 
25 3622 462 1603 206 749 3063 9790 4108 1966 4094 7447 333 5675 3118 6707 1566 6094 35 6078 4385 849 9887 8759 2688 9976 
34 8904 8643 8283 7905 1190 2643 6071 2433 7307 5573 3265 271 7156 1179 4926 4577 2204 6801 1281 1267 7168 9278 2243 1950 9237 5896 7030 1794 5028 2356 1427 7911 5915 1659 
27 8853 1985 2288 7270 2036 9450 8435 2424 5651 6706 657 3927 1307 3016 4197 7925 4606 4429 1410 9249 7116 6309 7483 6497 1336 9005 4360 
26 5362 5146 2983 1046 4495 4565 4128 1313 9477 8344 9671 4924 4840 4985 8129 417 8014 5182 6625 1463 9686 7579 1568 719 4025 3362 
30 8987 1990 750 6814 7446 131 9317 7037 3109 7902 4005 9964 879 1952 4551 2491 9866 6505 5436 5242 7724 5954 185 4579 9166 9573 2184 9425 5025 8193 
28 5837 6068 873 8623 1247 7756 9861 4736 3294 7412 9191 7060 9922 7714 824 9037 239 3301 9572 4056 6467 7298 3365 1375 4784 1411 896 3805 
29 7489 8628 67 8249 2689 8228 9233 8191 8582 3315 9403 2297 3698 4730 3342 1005 4629 2603 6158 5611 9929 9328 9769 2708 756 4471 6324 159 4063 
31 7499 4767 2765 1517 4890 9670 2391 9323 1491 9225 7158 4028 864 9808 1865 8846 7287 1839 6471 8004 3584 4744 6473 3306 533 9428 6957 5674 2978 5150 1135 
31 840 1982 5767 9220 5862 6822 4750 8196 845 7209 966 5449 2393 9018 1381 1605 9263 7251 3916 1176 5780 6132 9719 7109 3439 2446 9594 9599 821 5542 7531 
28 2831 3238 6845 7638 4339 2376 7214 9145 9057 5429 4242 9779 1413 2926 4199 9848 1122 4995 684 8339 789 8248 1116 921 6804 2057 4201 3824 
28 9810 172 9127 5318 7523 6365 1916 472 3788 9780 5223 3823 4812 9787 3428 1938 6402 3209 1165 4633 3440 6275 4517 5240 4365 6284 5107 5451 
32 5476 8411 207 5283 61 2294 2240 5301 2954 1203 8095 2799 8141 1289 1550 3576 4303 1776 662 3936 3981 2178 4707 2891 1276 1057 4616 2246 6512 4637 9471 1212 
33 6325 2014 1496 1355 3231 9218 1789 4857 4942 5383 9383 899 1034 7895 4532 2668 4938 2961 8178 5332 8592 1809 7525 4752 6090 2545 2045 7019 1666 6733 6601 251 5460 
32 2748 4919 7706 2007 9058 935 5763 4848 4440 8281 7179 7115 2537 9658 5180 2339 3797 2747 2145 9275 5040 1747 7199 1087 2384 2910 8343 5844 6116 3745 9992 4438 
28 3402 7075 6128 1467 451 8940 2343 4163 9538 263 597 7931 9479 2401 872 7571 9724 5867 1036 3106 6830 2995 7332 6091 2066 3852 3993 8647 
34 1009 5470 169 1477 1459 2863 7167 516 6210 4809 4137 3280 7719 5920 5644 596 7140 361 7953 6177 5315 1997 8773 8501 8712 7954 2000 5658 563 5411 4742 2152 6979 438 
34 4496 553 6893 6862 4539 8244 9055 3004 118 4194 1756 1415 9439 4650 8617 5030 5506 4917 9228 1870 8276 6442 2087 4651 1469 681 4987 8130 3888 944 3601 485 4726 7845 
26 7052 5295 4217 6255 5747 2726 2038 173 1853 7793 5083 6051 6851 3673 6333 6269 2932 8407 7117 832 9915 6127 1406 886 2917 3376 
27 7 6987 3761 4728 810 3726 5614 394 3441 1363 9167 9612 6323 8978 8269 6097 9231 5359 9832 7110 1149 1923 5102 3334 575 2780 7662 
29 3076 1341 7495 3966 5365 6123 7725 5826 6277 3397 7681 7280 631 9892 3500 2621 5231 2904 2858 5649 7577 2483 9738 9626 7334 1359 71 7130 6753 
27 7854 8046 745 2187 5364 6248 1157 2579 5336 8687 9217 9318 2876 5020 3311 2300 3884 7418 1693 3447 7936 1986 2148 2860 5527 4892 3822 
30 6429 262 2261 4607 5392 9470 6004 7426 8498 7302 4780 7192 1139 6842 3706 2723 7565 5624 2652 4531 2218 8214 4689 5582 7829 6889 7687 4395 3388 1963 
37 5435 1614 1049 5955 6952 5973 942 855 6882 1209 8601 9652 2519 2822 8974 4377 7749 972 7559 9953 2315 2348 8202 2987 5344 5092 6803 2082 1931 6280 803 3633 8719 1873 4401 1645 9084 
26 9982 6000 5147 9628 1745 5353 9649 2542 3800 3286 6042 6192 3550 8203 9045 1805 7991 6868 3657 8768 9060 9753 7139 8319 8723 5464 
27 3005 5116 2849 3912 2651 296 3739 3456 7460 5901 4855 1519 4310 5072 9840 3928 4959 4478 9614 1211 1056 68 3380 3204 2703 3128 1217 
27 3994 5941 7643 1162 8819 7435 8370 1233 8594 619 5733 6440 570 98 8527 6506 3787 6563 841 5786 9016 1322 3490 3481 8049 7100 7663 
24 9721 5926 8897 1609 9911 5018 797 8388 4523 9783 7707 1402 1781 5042 859 4765 6298 6202 1885 2475 8884 5465 5904 5259 
32 3074 7134 1636 8622 2341 837 4589 1974 6036 9815 6936 2212 4314 2974 306 4152 4002 7997 3880 4834 409 5337 322 8175 8357 7077 4686 547 717 2373 5608 8060 
31 3776 659 9378 9235 5165 2074 8035 142 253 369 9529 2540 2533 2870 2404 2915 8927 6403 6104 9521 5492 698 2678 2506 8834 1055 4092 6306 7128 8707 3254 
23 8456 8959 404 4851 5794 2510 9413 5291 3034 6584 5174 9896 5893 8805 1168 1042 788 7862 9445 6941 3656 3854 88 
34 9757 3486 9767 4071 8935 6039 3216 4383 7034 8739 1360 5803 3571 5835 8885 8260 4578 3691 4507 9768 5178 226 6515 734 603 198 3614 2375 3332 8755 2966 1330 2168 7826 
26 8936 4893 3467 7648 6488 7787 6352 2941 5326 3160 293 7281 1127 695 5502 3389 1671 277 3269 9102 1121 208 2548 488 6915 9350 
27 2135 720 3957 6588 7881 8725 6336 1074 1975 8924 4046 6638 7696 4807 7400 5814 4460 7987 4151 9777 7782 3111 5220 4511 3535 5924 1090 
27 5129 714 5118 4048 5592 7031 7277 5017 7553 2617 5181 2455 7527 6732 4348 7236 6690 5186 4688 97 4806 3606 3786 4553 2636 3747 5088 
26 3496 1626 5309 1283 7442 9290 1987 8625 3910 6820 8151 7656 869 3714 4645 1703 3241 4432 7768 2170 5453 5048 3875 6495 9867 637 
27 4233 2517 321 2884 2925 8602 1319 4912 4643 768 9857 5612 7730 7481 264 2962 7660 8525 141 184 7258 9528 5371 5966 5991 9533 5037 
33 1368 6110 4400 1746 6355 9367 445 1077 411 4082 156 5274 126 7163 5100 6991 527 5670 2558 8518 5095 916 8122 2899 6984 7705 8002 9452 2337 3234 3424 8353 8442 
34 5456 3938 7478 6617 8232 4451 7068 5445 5275 4944 9842 5635 2351 8645 8641 3607 307 7920 8651 3769 7151 7216 2108 9297 3326 7844 2463 8464 4157 3263 1275 8463 6413 7945 
28 2202 1516 9146 610 9234 8221 1075 5349 823 2462 1684 5593 4908 3744 7490 5693 7588 8734 4044 160 3324 820 9043 3170 6476 9100 5065 9455 
27 8590 4014 7072 5882 5252 1823 4872 5241 5764 2208 7131 1968 320 7177 5281 1035 4117 9325 1399 9825 1048 2511 3995 7864 4172 165 5933 
30 4831 20 1984 5812 2609 8872 4038 6085 390 9558 9705 2888 2595 3449 7310 7539 655 7890 5610 9174 6574 456 1286 1613 6130 9937 4640 7088 2117 9075 
26 5358 4006 5532 1699 359 9613 3502 2151 6428 7348 1236 200 9020 7772 4191 4154 5311 8901 7778 5160 2253 2403 1201 111 4853 3558 
33 5390 7677 3405 8183 291 103 1350 1868 3206 5511 594 4240 963 8511 9654 9159 8662 8246 3095 996 2326 9240 6500 3127 7135 3079 2138 857 8533 751 2624 3723 5123 
28 7091 9253 3870 4078 8494 5316 5172 4196 9098 6418 2486 2083 8143 7098 2220 5585 644 1589 5069 5000 6876 5258 4493 3719 9914 7017 6854 9618 
27 8477 1487 8263 865 8235 3735 8406 444 5980 3048 6798 7634 686 8867 3923 6633 8549 7582 5300 3738 9392 8716 108 3239 4657 1166 984 
31 9877 2417 1650 9534 6969 2569 5113 9040 6781 3998 802 7625 6233 4575 6544 1290 4182 8209 4319 6203 1578 4275 752 6994 6247 9438 993 638 8717 9474 4272 
30 6350 7569 6504 6061 9938 351 1043 4516 6918 7878 6920 9086 5153 3174 1445 9446 8642 3355 3548 6772 6430 8000 7119 3731 7462 4648 3771 1376 4274 7107 
30 1481 7486 2001 894 3337 2518 4717 79 5960 6545 6257 9771 2018 3557 3007 5282 1751 1770 9085 7823 2002 3117 6040 4743 9001 1647 8167 5850 3113 7521 
29 3357 4588 7138 6082 1783 9204 554 9322 1724 4802 7628 6877 406 5452 3562 6691 9893 4330 9183 9092 7305 3165 9277 679 1484 9904 5073 8475 9597 
32 7172 3510 2166 3807 8217 7171 4115 2242 8738 9985 3051 2069 2851 5918 9208 7397 6477 9602 2693 9650 3382 6721 9760 3970 124 7468 1436 7226 5010 8110 1549 23 
26 9023 9952 1412 5495 3281 2638 1442 3621 4390 3641 7566 8814 2476 6565 9799 3792 4799 9152 7176 4691 6340 2009 1094 4143 9702 8821 
26 5765 7765 3107 5008 1327 5795 2520 7739 1758 4047 4448 9427 9321 861 5356 1604 5177 7164 3162 3654 5338 4886 1909 2408 3450 3658 
26 8041 30 2262 6066 5627 1337 1893 9154 7190 3050 8744 1065 9933 1908 706 1943 4089 8270 327 3743 777 8401 977 9456 9259 9415 
29 2443 5201 4490 9962 3067 3414 4977 7257 152 2437 586 6122 500 1905 4068 9910 4998 4425 994 5556 2421 1398 5522 1856 6628 368 5935 9716 3859 
30 1260 3275 3028 2637 4693 2415 3883 2142 9535 9094 3235 3015 9212 6587 8721 6785 7760 626 5134 6458 4906 4810 8127 2063 3742 4922 5117 5179 7757 6939 
30 1013 9882 4992 4782 4719 3810 9879 7786 6252 4139 8022 9785 4996 7388 6662 1032 8222 1105 7589 1572 2055 7723 773 4503 2714 5781 4903 9314 6538 1279 
27 8780 5784 4249 7777 3045 6291 6885 5374 2755 5824 6818 4204 1483 6105 4896 3307 1651 7476 459 3878 8171 8599 1522 6070 1234 4266 4885 
33 1287 7610 2745 4603 1095 5443 8947 640 2311 8301 5928 7422 4602 7273 102 3693 6572 9859 6172 1151 2121 2551 1890 3476 5838 3568 1079 2749 8523 4299 1988 7750 580 
29 9007 912 7492 2574 8195 5265 9788 9493 3135 457 5260 502 5963 1503 2280 9306 3177 3773 5096 4384 1735 4424 9939 8029 5898 3890 4878 6464 6243 
29 420 3379 1489 7106 9561 2224 4057 9623 4488 5853 8390 7290 6124 8672 2730 6424 3176 5553 1725 7852 5194 2953 5106 572 795 498 5264 1583 9527 
30 266 6486 5873 4536 8699 9640 431 1119 9243 2881 7675 7220 7193 9838 6027 4009 8419 7861 305 6604 7736 7318 4407 9908 2323 4676 4458 7641 7353 2838 
33 3629 1138 6592 7595 2290 7779 4586 6411 1970 7000 74 8557 617 1200 5484 6575 1040 1439 8862 6749 7833 9980 9291 8593 6719 8274 1930 1821 2682 4418 232 2715 1488 
29 9947 9868 9354 478 794 790 5699 254 2736 2248 1717 1558 140 6098 7174 9137 5166 8425 898 1977 9416 4090 967 2773 5108 3403 8211 4098 3331 
29 595 8761 2949 7479 6149 9565 5983 315 9351 7690 9099 7822 5434 4428 9305 3780 1195 848 2616 4150 9072 2880 7101 8678 5957 1216 9400 7084 4867 
32 7358 4946 9268 323 9807 5148 1470 7924 9960 736 4382 5805 2600 240 4792 1274 2342 3310 9741 2284 9974 8454 7154 8044 6650 6377 5369 1654 3458 4244 2614 4774 
28 2162 2293 3597 2236 7745 8875 5145 4454 705 6997 8982 3779 3662 4130 3173 8351 5513 4543 3052 6909 5330 962 8139 4982 1934 9547 4366 1198 
30 6249 6222 3591 246 4363 9188 1887 4019 6774 4290 5401 3521 2737 6426 9019 9784 9925 4298 924 2711 5916 6503 3733 9295 1180 3141 4740 7095 8835 1694 
28 8053 965 8262 1531 5397 3944 867 3977 2024 2061 2659 8295 9070 6608 2398 1263 7070 365 9349 1244 8429 2136 3288 1828 7275 981 5688 1785 
33 1670 6714 5618 635 9394 4027 8576 4026 3660 1638 4364 8039 8563 6267 244 1018 2959 7344 9653 9900 7814 9605 3121 1104 7010 3752 9033 7770 4634 2868 4145 7870 73 
30 8330 3556 883 1679 1261 375 9363 8565 2390 4991 6370 5815 8886 6509 3193 7999 7797 5889 1920 7791 531 3387 2193 4721 4900 7942 8216 4639 6489 8891 
25 9883 636 326 9491 9264 2782 5006 9934 8092 3960 8606 9589 6234 7282 4476 6507 1271 6121 4668 8173 5066 47 8318 6646 1857 
29 9210 5533 8588 6653 5481 7213 9068 7136 7239 4778 5775 6154 6970 8591 744 5603 5034 9250 4416 7960 3437 2453 7699 9927 6088 7253 7249 5155 2943 
29 9338 358 9782 4986 6964 2626 1777 2848 7794 5313 1366 5279 278 2875 2099 7835 89 9822 4673 9941 3247 4550 8665 269 6792 6468 3150 9469 3586 
31 9454 4074 6180 3158 464 1226 1142 3980 7678 2555 5246 3002 9770 6534 8921 8408 836 9467 6683 8233 9459 9665 6375 1476 8165 300 5363 3304 2174 109 614 
30 1272 6823 8762 4343 6250 9796 5125 3700 1806 4914 5620 3918 3593 5211 523 196 9274 8552 7811 4409 292 1919 5806 9189 6853 2051 9678 2189 8911 1378 
32 225 5609 4753 1193 1850 2982 7071 5439 3841 4666 6278 2275 1471 6879 3561 5299 3143 3267 3552 2841 3381 2699 7005 295 8580 7351 5099 4734 1674 3085 6155 5418 
26 9271 5530 7126 7026 4905 3937 4394 5423 5993 2629 8458 2112 6533 4695 1499 4546 7841 5455 7078 481 4304 5707 5631 6780 9496 5056 
25 342 7232 4601 332 6260 2113 7928 1497 3814 4761 182 2584 3062 1964 6393 4049 9932 3979 1866 1093 892 3647 5237 4263 4102 
28 4983 3480 2986 6283 4492 4619 2325 7653 3049 737 7555 6682 6865 4226 951 7018 7231 2332 9184 2934 5576 9035 3640 1722 1733 6847 8142 7619 
24 5668 799 187 2684 8008 2653 6982 7761 2250 8976 6917 2985 1252 4421 6262 1424 3555 2853 4939 8150 8953 5380 3181 7882 
25 3920 8718 8799 8005 1124 9575 7286 6117 1584 7194 8537 8071 4600 8661 3213 9180 8384 6140 2571 8424 5055 8227 696 5016 7224 
25 4064 1047 8619 9310 40 3371 75 4396 9105 1677 7591 5197 5249 8164 5704 5870 6902 2764 8907 9865 5874 3889 4661 5558 4933 
27 534 3518 5857 5497 4615 8474 3784 2132 8480 7516 8701 6942 3736 8952 1022 6887 1743 4113 7284 233 5297 3514 1126 8327 5457 7584 5192 
27 2150 2494 7626 7952 3858 4219 8258 9486 5433 5021 4367 9981 1820 7594 275 6331 4839 5742 2865 2732 522 8367 7160 5894 3020 4259 6640 
27 1547 1710 8459 2833 4979 1288 7294 7016 7544 7502 8059 8102 2353 7343 9155 4017 7733 3407 4099 7670 5080 7948 8649 5956 1769 7986 1830 
26 1141 6849 48 4521 8760 2604 6560 6406 919 8156 5836 7146 2862 8288 4455 8515 9920 3142 969 4190 1804 4445 8259 1573 5590 7261 
27 385 2042 4085 5570 1302 4882 1007 3843 167 7122 2969 3836 8449 2623 6010 2090 1482 5268 6699 6354 5919 1538 5426 6603 7624 8658 2902 
29 5399 9307 4609 9207 5339 606 509 5913 1416 7427 2177 3194 1842 1913 7315 5360 3774 8585 9329 683 8729 830 2445 9213 460 3715 4515 6134 19 
32 5518 6799 2873 2143 6231 5520 5700 2956 5698 5639 852 3991 5642 4482 2744 2663 486 5604 2977 1591 4464 2305 611 4100 1458 3191 8650 17 5839 4155 5229 4497 
28 6461 6258 178 1500 7875 6654 1160 4770 4884 7399 4716 7147 4016 3100 110 6808 100 8765 3319 2252 6111 5998 3148 1719 1534 301 6582 6787 
29 8937 3613 3924 567 5257 6484 9582 6583 5348 729 7664 8923 2227 3077 2514 6843 9451 2160 8450 7096 9979 6474 5026 5378 5251 4205 1447 694 7394 
27 2430 461 6635 4997 9344 2439 3627 5726 2776 5946 2852 2094 5136 6106 561 8694 2821 2702 1164 8914 1907 6811 526 8342 6287 9224 9901 
31 1888 4012 5777 1189 8574 1429 9805 3935 1902 7538 9197 4781 458 3946 6056 6050 5681 1284 3775 8194 9730 1053 6840 2291 2012 1098 866 6449 7242 3560 9651 
25 8017 947 7683 6986 7445 2369 7051 9117 4816 3251 4913 175 8298 6929 4326 5912 2647 9509 9260 6869 1562 7063 6562 5541 3575 
27 7092 78 7974 2244 4678 37 9376 2522 5724 8132 6993 2706 9497 6861 8386 9712 4570 7079 1932 9432 1466 5947 483 1028 4186 7325 9550 
32 415 7225 6443 9077 6179 347 6189 3374 9324 8681 8032 2635 7069 4481 8040 9162 3203 829 7352 1764 1421 127 5516 129 1960 6491 162 9749 1204 8264 623 6060 
32 8849 5372 3762 6782 1377 8932 1259 4346 4058 2079 1106 9956 1309 3393 1903 8833 6469 9620 2801 2048 8965 8813 334 6341 7554 7293 6819 9681 5539 1895 8125 64 
29 9104 284 2450 2928 9215 5637 5779 7245 2859 9958 2247 4388 7127 8146 4149 1446 776 1479 5906 1525 7125 1732 1901 8074 5849 2060 2346 5334 6044 
28 5600 8058 581 4891 6414 7964 7103 15 3664 6999 4236 7219 7027 6144 9499 5731 3035 7441 9118 5989 8996 4084 9198 964 7417 6898 4311 9995 
27 5075 7148 6296 8400 7837 7715 7665 6114 3827 511 2107 9087 9339 7094 222 4450 2639 9648 3377 6107 5827 3455 4449 422 4141 778 41 
36 9214 7601 7458 9211 1874 7207 7655 1422 9898 3039 4118 3669 7927 3192 3675 9490 8163 6981 2607 3855 5329 4241 8942 985 4206 3842 3652 1335 5405 6839 6493 5373 8250 3801 1807 4305 
28 9961 3078 3451 7114 7581 4654 764 7606 2191 1269 885 8832 4622 45 8219 283 2945 5067 8934 8256 4491 424 973 3612 6018 7701 2482 7360 
27 7743 9639 909 6637 3434 1808 4540 4972 4973 8962 3429 599 4943 4798 3469 4843 302 8492 7467 7592 4332 3748 6973 1755 4387 6794 9524 
27 3757 2077 6055 2874 7191 1058 2527 9461 1270 5521 4572 6160 6363 7076 6452 2712 5238 7712 329 5388 5981 7851 600 3830 5206 7218 1845 
29 4825 8745 4354 7406 7278 2630 5923 7259 1372 9248 8883 1594 3511 6276 1848 392 1736 3572 8066 7041 5560 9090 5519 1450 2836 8157 806 4393 2965 
28 6540 5248 4138 4358 3065 1979 229 1370 348 360 2155 8772 1581 826 5377 5124 4218 6360 2496 3292 8910 6880 9673 601 4216 2829 5789 7429 
35 3249 4642 5368 4757 3066 9082 5112 7451 8116 3615 7393 7962 9036 6543 3796 2804 7703 6221 1371 2052 4134 6621 8313 9346 670 882 5871 3291 274 5572 2165 1523 1051 3475 1449 
33 2798 8596 6146 6589 8409 8684 2754 3952 4180 8960 798 1972 4590 2679 8682 4569 5555 6374 8882 1686 2887 8189 8121 7372 4273 5797 2602 1329 3988 7402 4052 9442 2646 
27 7313 4045 4556 9852 6207 7790 3344 5684 2098 1134 5082 4526 9122 9522 6609 9301 2707 6581 1701 8073 680 6028 8570 8111 3031 440 7457 
29 1953 9875 3068 9411 2030 4635 816 5783 1648 5944 4958 8993 8355 6392 9120 2543 3975 4164 6272 7616 2596 4698 8057 8160 4769 7488 7057 6919 8956 
34 3089 8535 5605 2649 6316 6490 2751 5015 63 9131 9003 6434 682 9862 9272 4465 2843 3853 4655 3482 6460 1161 2931 2223 5328 2826 843 9729 4787 3554 2586 6610 4125 8852 
29 5551 9397 8137 4562 5571 9806 7409 3931 8512 8860 1632 446 9358 3425 7817 722 7914 4631 4621 267 4826 6972 7940 83 7430 9336 9811 3834 6166 
32 3207 2276 6985 5090 6559 4468 8816 3764 6457 7971 3122 2126 9402 8279 8958 4350 5019 6832 2206 2523 429 8414 1999 4684 2271 9661 1280 3026 4754 8696 1092 4699 
26 9959 632 1316 8368 812 9913 8806 2147 858 9404 9294 3418 6092 6751 4542 8153 3605 5319 8946 4822 2371 7202 9989 4282 5996 647 
28 4034 7165 6238 9460 5581 6431 9615 6026 7364 2740 2328 9756 7029 5059 243 9472 8828 8967 602 5689 8006 1213 504 1455 7304 96 5267 8021 
23 4866 2803 940 6297 4935 2839 2906 8990 3356 8253 7880 1971 9657 908 7496 7009 5132 2538 524 6688 5691 6511 3837 
28 5580 1347 6364 3217 2116 465 4036 8770 183 7943 3972 8432 8413 8205 3201 8795 9912 8526 1123 3802 9192 4221 5972 3408 4592 4804 2655 9185 
26 3699 3349 2872 8226 7204 9554 4860 1773 4040 1152 9727 3949 4803 3287 7575 3145 5986 9386 1526 8378 4704 9205 8981 642 3224 7989 
27 2281 9 2432 1630 3857 2633 9667 5414 4932 7649 2805 2078 6777 6664 3465 4519 5217 6524 5135 1704 2840 8979 6462 2040 7300 8472 5340 
35 5195 8785 7812 7374 3037 5061 258 7668 3197 2628 4768 4059 2085 2856 7741 419 4836 543 5771 8285 8674 4230 8331 1248 7067 330 8241 9501 7011 6315 9258 650 7754 7608 4936 
27 405 5493 8168 6096 4690 3958 5376 6215 3566 3553 4279 5514 1539 285 475 2490 9114 7045 1796 9578 6995 3426 2666 7396 6566 4701 592 
26 8436 8012 1661 5979 5727 4292 6614 2592 4055 6031 1091 5696 1815 3299 1692 7195 3687 3472 1113 5140 3623 9545 724 3840 4328 762 
29 9175 6074 6629 5634 7788 8757 5 9041 316 6014 6093 8062 8347 5347 6346 8546 7349 4371 2914 9245 6328 6967 4015 1011 3849 9022 2444 8180 1306 
32 3009 6108 6864 3000 6084 3930 6345 5636 7968 9835 3448 989 2158 143 9642 5115 4324 219 9447 6072 7425 825 5320 6962 3494 2670 5872 6616 193 4835 8320 8275 
24 6445 9963 6735 3250 8951 3202 7540 230 666 3119 4660 2435 2734 9672 6254 418 7983 7727 6041 8754 538 948 4513 7211 
26 1894 4212 8099 1846 3309 7528 2912 2589 9606 8556 9885 6518 7299 6717 7362 8476 1385 3964 1246 4461 9139 3507 3925 499 5865 5208 
31 7871 1569 6496 8030 2194 9504 4898 2335 8791 4316 3661 6502 4340 1502 9050 497 9677 4871 5788 5190 6087 1727 3271 1779 6715 6205 8561 1642 8158 9115 0 
27 741 1070 6270 4415 3729 6229 8182 677 362 5314 7546 3785 8392 2766 3421 2622 6669 8366 9345 4018 8354 8307 2566 6137 3008 3596 9107 
29 5466 4192 1608 6736 4321 7493 5409 9948 7201 1653 2442 4168 9069 7494 4483 5587 1328 3433 1778 7449 5552 2813 8001 4955 3962 8666 2916 4214 728 
31 5869 6933 771 3444 8787 4413 6976 669 8863 1592 2467 8986 6965 2469 4786 5085 1688 9362 3285 9918 6636 3463 7155 9506 5209 3542 6062 3283 8398 2691 3686 
30 664 9831 7869 2093 1024 3926 6813 7028 8827 4749 6009 5343 144 4725 1687 7965 2837 8728 8422 7268 9031 8245 4814 5548 6767 8103 3756 3513 8690 7722 
27 8213 2213 4514 2314 577 7350 2797 4779 5692 427 8397 8070 907 5669 9466 5486 4442 5289 2405 4974 6138 1081 6726 8346 1910 2013 50 
27 4729 8055 9849 7254 9697 5302 4763 2203 8568 7698 9977 4286 8522 9071 9064 4231 2717 5427 6763 1880 7241 3215 9440 9283 7889 3071 5559 
27 6212 8679 5703 1060 4610 2807 6423 1082 5382 2877 3894 7742 7049 245 8038 3914 2383 7832 6554 562 7702 5922 389 8889 9476 2999 2395 
26 8700 452 1146 5656 9158 7333 3055 3464 4827 7534 8514 6724 9285 9694 7700 3183 726 7552 442 8685 186 1493 5619 6174 1795 9880 
32 8 7558 1838 7839 2952 1577 3167 6856 416 439 8916 3794 3318 3968 9143 3630 8659 8839 7808 5748 4485 605 4160 9340 6643 770 2207 4131 9574 7524 1433 16 
34 5652 6020 1143 1475 4140 9111 6295 9395 6948 6913 9643 6118 5728 7972 4535 9006 1432 2109 1073 5035 5290 8336 1760 3452 3765 3896 9754 5393 3468 8334 8218 4087 2110 1737 
32 7746 3314 1504 5840 3674 9327 5109 8646 7415 6079 5910 3831 382 8961 2312 3740 4187 1343 5709 62 9630 7255 8460 9663 8391 893 2784 7640 3772 2582 5294 5845 
31 2154 6757 2667 2200 2585 2923 6112 9781 9065 5422 5468 506 3096 2249 658 4697 376 4663 1816 7157 8724 6371 2364 6531 5043 6961 9610 978 5885 7223 1892 
28 9247 5103 982 3503 4313 8506 1951 7234 9553 7957 7120 205 8412 2650 6047 5202 6294 4747 3155 2724 1221 6119 7014 6615 7339 7574 70 6436 
25 3446 4474 2758 4965 52 7124 2864 9348 7767 3260 9190 4758 3140 5738 646 8547 8484 3515 9132 3453 620 5807 5188 3098 4295 
32 3860 2661 3220 7385 5897 6911 3906 1010 6152 1231 2710 521 6286 3512 7413 675 1147 9696 3087 997 5713 4811 5472 2610 4527 7605 9999 1652 4759 6043 1917 6569 
33 573 8112 3477 1840 6687 8065 1062 8076 1899 3951 1297 6542 8236 3129 900 3131 4333 9542 9149 8775 5508 1926 9752 2970 2164 9168 5047 7520 1729 2258 2466 6327 3102 
30 4270 2979 2727 171 9128 150 3300 3325 7561 2198 8091 1750 1129 701 1480 9357 8360 9789 4960 3082 381 7511 4417 39 2998 8306 9482 9971 8964 9733 
32 6739 5578 4937 8783 6738 4844 4146 1373 400 6455 9179 4940 7439 5965 4288 1509 4952 4854 3236 1771 2479 8321 9176 3760 6784 8179 960 3578 318 1973 2349 7894 
27 2990 2350 84 5810 8434 3677 5641 7133 137 3415 1714 87 5856 2618 2746 5471 9996 6806 9571 1183 238 3175 804 5929 6447 4659 7271 
28 297 1293 2501 6891 6400 4626 7424 9943 7437 1250 2011 4829 7950 7501 1752 8332 1354 8766 4883 5077 850 8858 2897 7083 2791 8377 1883 5702 
32 6866 1403 2665 5577 9503 9287 3681 3417 1159 7108 4746 2295 3886 4257 8438 2641 5152 4934 2611 13 1991 6535 5345 4969 2089 9690 268 9532 9076 6200 3943 9377 
28 1515 1579 6797 6901 6029 8261 787 3353 5189 2893 3728 9824 2900 1612 1954 4568 1633 5891 6627 1440 5769 9165 7564 9755 887 2050 6089 3625 
32 2930 2991 9097 2266 8880 3108 2355 46 5860 4929 9607 1992 3899 546 7536 6975 4000 1627 9516 7818 652 3370 3345 5884 1344 3316 3709 9826 2044 3222 2114 2025 
26 2447 950 7410 1089 7858 7215 3322 8551 1390 1097 4280 2080 4541 5753 9417 4095 4287 8510 9044 8524 932 1494 9975 2808 5448 7149 
30 1556 9273 6168 4484 827 2601 4801 7504 1222 5227 8499 9083 6441 145 2095 3484 2195 3401 7436 1900 3012 7856 7288 2857 4862 2473 3907 2568 2847 2379 
32 9408 9009 6421 1498 1967 5054 5785 6347 569 6666 3583 2073 3732 7470 8732 6266 780 2301 1731 3604 9683 6661 2913 5950 2163 437 1993 344 2583 8396 2790 8771 
31 9530 4618 7849 1320 6433 766 9047 3041 7222 957 7064 4466 7004 2492 3431 177 2420 6860 9391 4722 9836 2686 7857 9024 9717 8520 7113 589 3517 5128 3646 
28 7630 528 2500 1492 6308 4772 7357 3753 8385 4178 8530 1728 5878 7345 6593 2481 8741 8239 3922 8988 6871 6966 7923 8698 4696 842 3427 6023 
27 4227 5701 691 399 3816 6038 1713 5841 7688 352 9701 6723 8569 4909 4869 9390 955 3679 201 9907 5490 4472 2834 598 4294 8876 2756 
28 7567 1144 5678 7667 2299 7170 4508 1374 8544 7769 1800 2472 7022 9144 6729 1395 941 363 668 6711 5717 9409 9134 9568 3436 8349 8373 7491 
28 9823 6523 4670 7243 3435 3522 674 4584 6465 3443 11 1071 8090 9718 8802 8743 338 4876 856 7922 5308 4911 8915 2388 6536 4378 884 224 
31 9598 8208 6069 4431 6485 9546 4923 6230 2886 7185 5419 2440 2964 6206 926 3508 6003 9884 9536 1906 7704 1278 9342 5557 2546 4234 4841 6164 6644 8303 7898 
26 8043 7291 9645 9169 9954 9052 3751 9549 8405 6546 5324 2033 6759 1898 9774 6508 2672 6367 3897 8403 2228 353 2531 6259 3947 2907 
27 2871 5931 2254 4559 6322 5489 8352 6704 9680 5482 3256 7046 3650 8467 5943 5361 7338 5271 7377 8781 7183 2971 5307 2675 1068 324 5158 
25 8350 5303 38 8577 8376 7104 6858 3088 9693 4525 9106 2214 8710 6184 3268 1649 4620 9423 8926 9684 6598 1599 3024 2101 5523 
31 6552 7860 3746 9707 939 8776 3025 4238 2068 9385 1587 114 5708 6564 4291 3933 4414 7062 3410 1392 7341 8817 3845 6109 8627 2694 5905 4687 3378 6466 1849 
27 3017 1543 2526 4971 1367 4656 3902 3781 9196 6968 2793 7331 4457 4520 2735 5974 5598 7912 2119 2423 2944 4705 2410 3466 5953 3178 3881 
29 6953 7264 3302 1575 685 8495 761 6383 740 1658 1235 9141 1017 5971 7205 7838 2508 8803 4894 9666 2591 1325 999 5616 9687 7036 9261 1818 2768 
23 5121 3497 7735 5654 4533 8635 1405 7848 702 32 4783 4549 8148 1437 2336 3963 9150 5269 3218 2175 250 549 6002 
25 3974 139 4436 5247 4322 7961 3648 3289 6171 9015 234 9241 7899 9819 7235 6197 7659 9608 759 6481 4105 8892 8210 2662 1541 
31 5662 9791 5744 9081 4103 1527 2407 7080 8571 3006 1811 3259 133 2612 7896 7657 5632 4161 4818 7371 2590 476 9946 6300 2081 9219 7472 9292 493 6660 8080 
27 1897 2895 7718 7915 9812 5430 8905 2989 6387 9434 6409 6379 7514 5139 7500 2769 2685 8877 1528 5503 6385 3305 9742 6086 5782 6321 5968 
28 1338 6425 2577 3828 8340 6755 9555 8711 5880 455 311 7868 2861 7572 7888 4861 7828 1019 1861 3044 1237 5823 8237 2960 6437 2324 1540 6867 
29 7375 7763 1086 8644 3976 8749 5647 56 7471 3809 1507 4692 188 3138 5310 1178 5285 6408 2645 8426 9216 8277 9775 9203 8541 2436 1621 1726 3473 
27 7932 7982 3678 2563 1921 6796 8597 6213 9123 7269 742 4079 1878 5350 7474 2156 6386 2221 7738 5093 6162 8410 1998 5357 3990 1825 5629 
30 8433 1875 2802 8507 7695 5759 7485 9366 9308 6596 4153 5563 1388 6586 9820 8652 8866 574 8097 2468 2153 6199 7804 895 3348 6825 1511 4984 3264 4537 
27 4208 1356 4708 6141 7309 2605 7047 9515 3363 489 6579 5517 8792 107 3777 3758 4376 248 805 9368 8554 1308 3245 8315 9483 2806 151 
29 471 2 1742 1067 7716 8837 8010 1029 5222 769 4560 5002 545 5528 634 6656 1202 4604 6011 7212 8389 7910 6139 917 8296 2382 2381 8575 6195 
30 3879 5485 7453 7066 8469 2229 7023 7118 6483 9512 3504 9480 1031 9525 3115 7758 961 3954 2924 2058 1622 7866 8906 8197 4548 1904 9030 8598 3833 4582 
25 5959 8184 1799 7617 3001 9593 3690 4327 8069 290 1615 6730 8538 9424 9973 3911 242 2144 9991 6689 5833 1420 1277 904 5256 
27 2576 9494 627 9252 3137 9153 7512 8709 2190 3392 7947 6764 2205 1941 7510 7443 8608 6516 6161 5564 2035 7240 628 3493 5538 5766 6977 
30 793 735 4467 281 5512 518 4344 6910 7612 6135 1655 7891 2029 8200 7145 4283 1691 555 1245 8098 5852 7383 5565 5014 2613 1765 8944 6692 4077 7421 
31 9502 3956 9581 5720 6602 2759 9830 3313 3361 9864 2570 2333 1020 309 4976 8790 364 8692 3882 1628 5854 204 959 1485 3642 1937 2416 6696 5305 3341 3029 
36 541 9000 1600 6750 3180 2319 3081 3059 8028 9772 2368 7620 7384 568 3759 9399 5122 1038 3846 1115 379 1101 7438 5859 1419 2774 7283 3179 8980 7260 7941 6903 7416 9238 7873 6244 
31 8220 5225 3255 5224 9728 1339 337 2525 5284 6237 9986 1312 9539 556 5009 3505 5070 157 3812 520 5921 6373 4630 1404 1003 6227 2231 2131 5842 5851 8134 
31 5162 6778 1675 4931 4116 4837 983 335 7600 5331 5945 1792 4374 3579 1965 5866 328 3053 235 1513 9660 4258 9637 5473 4261 3941 2441 6405 1552 4613 7637 
30 8115 4412 8169 8513 3913 7482 8769 5407 1345 435 9380 9300 4129 4050 3058 7061 9359 9151 2742 9138 3338 8730 1486 3525 1803 7647 7408 774 9046 6427 
29 8843 8778 3124 9631 9230 4685 6974 7379 4732 9617 6422 3526 176 3582 5084 8667 2005 7267 132 8595 4320 1505 90 9420 1452 5097 3168 5617 6103 
31 1153 1949 1167 8854 1346 1864 7720 350 8626 69 925 6883 1461 6539 474 8201 4176 211 5243 7361 9839 9537 9337 7314 7354 8302 1241 105 566 3136 4612 
25 5333 3240 2497 5740 1551 690 937 249 9206 6978 4627 6126 7893 4817 4210 4899 9863 9540 8874 7376 5036 7635 228 3999 6302 
27 6398 6671 4121 3237 9201 4053 2438 8144 2454 261 7697 5509 7032 5927 4595 817 377 8333 3643 5218 1625 891 2034 6271 4188 7143 189 
25 7238 6281 929 8955 5638 2608 8893 5630 6224 6067 9584 3149 4605 3565 325 6718 7644 1136 7935 7963 8793 5068 8447 903 8446 
28 8309 2006 4297 9251 818 8192 1959 9124 6332 6368 1125 3383 2824 588 6805 6432 3023 3278 5296 2783 8485 6875 4598 862 4544 6499 6816 9592 
29 5659 2124 8811 3934 414 7917 2257 8337 544 9025 448 6395 2448 4475 868 1553 4193 3915 5049 1681 7568 4968 1711 9743 3616 7669 2233 9130 5982 
34 5410 7717 288 1408 7513 2362 5412 5375 6791 760 3820 1379 1016 4088 1218 7048 4518 6773 5487 4966 1418 2449 7755 134 2938 7475 7464 5758 9330 7780 2894 1085 4022 2285 
29 2105 2180 3721 5952 535 8466 9116 7317 1640 1980 4948 9814 6153 3208 8664 9967 2743 4567 828 2994 5236 3092 3159 8894 3032 1664 8135 3385 3047 
27 9088 8491 738 3229 6950 6674 2695 3112 6905 8395 8572 9079 4888 2032 6525 6217 1762 1514 5536 8020 1712 9870 1197 255 5660 7744 4849 
30 1251 3804 7748 2594 5089 9588 4170 5151 7210 5403 9551 7631 9384 8706 911 3546 6810 6223 3867 9990 6954 4576 9888 8612 7639 77 2704 6768 8363 922 
29 2458 2488 881 9222 9181 6304 2552 4456 1169 8558 7550 1364 9293 8991 8531 8639 8362 3536 6058 1365 6416 4832 514 6182 2406 1810 5046 1958 1784 
32 2642 7731 851 4608 8119 8938 6159 5191 2767 7692 8198 3610 995 7885 101 9257 4877 9078 3036 6498 2656 4988 393 1008 6017 1698 2939 1641 1734 5653 1586 6553 
28 9853 3909 8440 5830 5076 9049 6059 1767 918 6958 4611 8082 876 5665 971 9481 2580 7598 5736 748 3152 6677 927 6923 7694 5031 7466 6619 
31 7682 703 6585 3676 7529 530 5196 2049 8758 9279 2810 5131 213 21 3734 5273 609 2159 9042 7039 4229 2072 356 279 5029 3983 5459 354 9312 6833 6330 
26 7093 6268 2256 2701 8118 1936 1631 4336 383 3485 757 4646 122 4069 3877 9765 7609 387 6809 7834 3320 2267 2169 3232 5064 8528 
25 4309 6220 9737 8453 716 7921 6052 863 7001 4487 8007 1064 6226 1130 5890 8751 9851 6641 6694 3506 4042 2648 1637 4086 1140 
30 492 7646 3261 529 1210 5879 2413 7035 6710 718 9621 2263 7548 624 2498 6595 12 4037 9059 8100 2993 2354 1 2634 282 6101 3219 3110 2948 2988 
25 1145 3163 2344 5586 9465 5193 579 6475 6828 5546 3866 8920 7024 8970 3663 5990 4469 7904 8847 3022 3398 4956 2062 4147 8064 
29 2359 1321 2118 8117 5011 9854 8697 8224 8502 7265 120 7976 9905 6388 1524 3754 5013 272 3708 4356 2360 5970 5997 3279 8399 853 4033 6517 9601 
30 2338 5263 8822 5346 7518 3713 4951 1754 2903 607 4293 8808 9266 746 4745 9590 8289 92 3725 2696 8341 3645 8823 7789 2111 265 4126 3534 9906 5796 
28 8468 3454 4198 8779 8371 3211 4964 954 2955 7058 6344 8293 6376 5739 6570 2597 5903 6679 8913 7815 6655 179 1292 8548 7975 5226 5877 6988 
29 1107 4300 3704 7025 163 7173 1294 1521 6382 1303 4773 7897 6613 4776 2215 4075 6676 6459 4213 166 7632 5900 5567 2470 833 5169 4391 5858 1393 
31 7576 3806 7985 9646 835 469 6600 7872 4122 1738 2937 3917 6926 6219 7370 8933 6410 81 6532 2786 9164 6698 4921 7615 3680 9978 8925 7473 6494 7684 5743 
26 7044 1822 125 7480 9802 2059 5164 6005 3358 1362 168 5529 6369 299 31 8997 1582 9766 2705 5159 94 6006 4109 4410 9732 4596 
30 3685 7303 897 9921 6032 7365 9319 7795 4 9523 3274 3298 1660 2322 7056 2933 7487 7629 1473 9407 7433 7180 2671 8657 4246 4852 3967 8640 4680 4915 
23 7751 8152 1323 3955 2896 2709 2761 9541 4530 976 2103 2106 6282 5366 9596 9841 1976 1109 4718 3423 3090 510 146 
25 5525 9987 6530 2800 9093 3737 9089 8252 5657 7820 8704 2832 6334 2128 1353 217 407 5534 1340 1947 6390 1196 4065 6178 7448 
33 2796 8550 7366 3296 3420 4764 3366 839 190 5588 9495 2363 5762 792 3114 4916 1683 7053 754 310 6030 9817 9792 8489 7403 8107 9161 3971 2397 7865 8703 7930 1834 
34 9129 8051 8505 7229 6622 9418 6008 5032 548 5244 7006 1023 5992 5467 1182 9988 7547 9881 9140 2892 490 7583 6765 9923 8106 7840 2071 2211 9763 1428 5462 1066 5621 5417 
28 934 8654 4901 4312 923 4203 4351 3499 1012 3716 4209 4990 4323 1790 7685 1510 3712 3815 6311 1120 8356 1530 2781 2120 5207 6630 8094 505 
28 6225 3033 3551 2461 6709 6478 5613 3399 1723 6742 5044 2889 1044 9436 7801 2232 1955 6886 1215 4250 880 4703 6665 6045 1884 1187 665 5583 
28 6143 5325 4632 4195 4847 1665 9556 889 7819 8455 5027 6513 8176 6419 8830 6228 1996 3284 256 9829 5270 6651 3133 2976 1685 1423 6900 4756 
27 9930 7296 3343 5214 1253 9891 9355 5888 2017 3060 5354 1417 8818 241 203 4308 4594 2075 2171 9396 1025 5725 7785 9126 1352 8607 5351 
33 8052 1532 8328 2575 8287 5071 7901 86 9644 915 9028 5714 8418 2064 4480 2235 202 2947 4435 2210 5425 2196 1939 2459 2606 3419 6522 9800 3412 4674 8140 814 7627 
29 9066 4624 3226 5321 3813 6057 979 1206 8316 4925 5394 4107 1763 4870 3639 3248 5735 6339 1740 9627 8633 6081 4667 153 8898 693 733 5936 58 
26 3634 9619 3105 9232 3671 8844 8756 727 5133 9177 5062 9331 7798 5444 8686 1156 2883 5276 687 8329 8374 5686 4427 1867 7217 7618 
26 9552 6728 9821 5790 2310 8670 9027 5262 6482 3790 4828 1886 1643 349 9872 6526 7250 4897 9945 6931 6859 6571 7121 4981 3442 3056 
29 1912 8437 3609 5306 6487 6235 6998 7200 4889 6632 6888 6727 4252 4552 2104 8737 3333 653 2844 1174 1831 4073 2815 6357 4081 5447 7507 7132 3989 
25 8663 1961 1623 2372 4051 6399 7969 8215 7913 8994 5142 2830 5499 5562 7981 2183 6102 8478 5589 1772 6555 9080 4379 2451 1768 
28 1663 121 1644 3587 4918 4723 9691 4338 9856 7807 671 4479 667 6789 7903 6077 3125 4171 1832 8826 7328 6870 8680 9634 7407 8101 7188 4566 
26 3103 9054 2757 6404 7776 1380 8824 7876 6800 1602 5819 3672 1862 2239 767 9341 3531 2265 4617 8985 4928 1006 8689 1227 1465 2929 
32 5415 3901 5255 8383 2330 4571 3825 7747 3478 8379 1078 1357 2722 9171 3064 2037 9926 9113 14 4189 7316 9332 5144 7850 2811 6734 3997 9569 6649 2347 7099 1490 
26 4875 1896 8540 5272 7392 583 6607 2365 1761 5431 4024 5711 7771 5400 2340 116 5078 430 3153 3273 2789 5126 6472 9708 616 2185 
29 9095 3190 2366 5607 6394 3873 956 781 4093 7980 8268 4031 2559 6863 7970 3865 9334 1225 9063 2419 6812 5127 5937 6318 1657 8801 1054 3929 8636 
27 8621 9112 2411 8323 3083 7532 2283 3720 906 7401 7274 1544 8365 25 7673 2122 2762 5406 5914 7373 5341 5458 8096 6960 9773 2292 2219 
27 3019 2192 6769 3868 6838 4694 453 2076 2307 4062 4573 5198 4253 5633 5987 6001 4232 9200 4368 4953 558 7266 3618 6218 1194 4029 3856 
30 2027 9284 6951 5526 1155 5391 5821 9587 7042 6673 8797 1508 6415 4510 560 1131 6528 8579 6645 3942 3487 3146 6848 5568 4845 6597 3992 8917 2273 6519 
28 1924 7799 5723 2023 943 3631 9616 401 7230 4156 2004 6048 2245 4185 412 128 3905 388 484 2400 8637 4868 4830 1872 1296 119 2418 6007 
30 4649 3075 7237 9313 8251 5848 8009 9674 9281 9520 9157 3668 5515 5680 24 3519 2088 5038 4564 1571 9748 4255 1171 578 8865 1214 7378 6547 3233 5496 
28 8856 6129 4791 9484 8504 1702 9227 6590 3144 7428 3257 1871 4486 811 8120 2260 6940 7320 9430 5505 2003 6642 7405 7166 7988 676 6576 6335 
31 7085 6904 4222 604 8529 3945 913 3624 1835 60 6802 9720 7909 3384 9803 9736 2720 8088 9096 5161 5561 7330 5293 1409 8673 3227 1468 2973 3530 9633 7585 
26 4342 4949 5094 4135 7055 5566 9750 3126 9280 9725 6292 8308 434 5934 1301 1451 9267 1617 3727 3328 5187 6438 4243 4357 496 5475 
29 6150 4599 3603 2289 9514 7323 7227 2775 2015 6722 8807 346 4738 5277 2992 9845 9443 8415 3445 6358 3570 7679 618 7708 5185 4372 5892 44 775 
26 1721 7676 1080 4833 4658 1819 487 7551 8715 519 8421 5832 9591 8831 8848 4175 4453 2377 9526 7874 3594 4426 340 9194 8655 396 
32 1546 8804 648 3932 1207 7508 7650 3541 6521 7879 9698 2845 4711 6631 4858 2593 366 8286 5280 8254 3228 3595 3360 9109 7693 6766 237 5130 4422 5673 3205 3390 
30 5811 9269 298 1690 4276 8465 432 6035 1801 5143 397 6288 9714 9586 4489 9695 308 9850 1518 3741 1944 6935 5342 4446 7622 5535 7043 8084 6580 6758 
26 7522 9747 5120 231 7515 384 9624 3011 1753 4268 5977 8708 216 6790 6681 1646 6305 8026 5787 5253 2457 8314 7781 57 1877 6700 
28 9365 3996 7503 9299 6807 1232 1266 2683 9091 854 4083 8969 7603 4023 2309 4591 6529 3038 5667 8603 5156 8443 1945 5323 3767 9074 4260 9051 
34 4010 2426 5948 9611 8616 585 3718 8479 704 8998 6752 6337 4741 9794 8136 4444 1989 7995 3171 4124 7604 6186 2828 4794 5416 5510 7796 3252 3598 2882 5741 3086 9178 3509 
28 1814 2657 9013 9797 8247 9876 2217 2127 9625 2957 2967 7740 8929 6944 3123 5137 4509 7003 846 3844 3187 1004 2385 9580 3611 3600 753 6824 
25 9897 1285 4127 1229 2149 2530 1560 5420 8257 1673 6063 5173 3653 5749 9567 8786 3303 8457 3832 2318 4477 1669 7867 6194 6359 
23 5398 7276 5312 7301 3104 5843 1983 5141 8077 1607 3876 8767 5601 9156 6407 7340 1050 4167 6657 9008 2770 878 7342 
31 6253 7541 6353 7012 1208 6454 1826 1536 7762 7570 8727 441 2812 1027 9706 612 2535 3659 7563 3057 4381 1460 1851 7038 3697 6198 3277 3791 5705 8941 8748 
25 8086 5235 4864 2503 2795 8431 3073 6741 4720 7289 6990 8483 1264 4359 5200 9583 7773 9778 3462 8402 9371 5052 8280 537 8587 
30 2387 3489 5408 174 565 6605 3413 4499 8312 2539 9303 6299 557 6573 4766 6191 2587 9699 536 9374 9564 8693 7137 373 2345 9488 5825 5245 6342 4880 
27 3887 2425 5773 7645 9966 1326 2866 6133 2785 9221 8688 6557 9726 1102 6548 4760 4614 2504 6025 6996 4405 7729 5210 8204 8620 3670 7198 
29 4200 8733 5204 161 59 808 8124 2321 8031 1332 4683 8614 5722 9309 3116 7497 5163 1396 2167 1039 1188 5951 8705 9692 3198 8310 6131 4664 6076 
26 6265 3848 8481 8977 4066 7824 5648 76 3042 6240 7386 8519 4403 3386 8861 8375 8490 945 357 5909 8387 370 9172 8581 5474 1672 
27 4183 6945 9246 5003 968 3182 9847 7097 3084 1933 4625 4001 1555 3782 8206 2182 4423 3549 9972 5005 8170 4373 8290 2909 7810 5755 707 
31 8939 7187 4930 5063 9570 1265 4947 6693 8061 9444 6181 9053 8497 9638 7312 5421 6245 9468 5599 930 7329 6922 8968 95 7689 7916 1676 6907 1220 3533 9562 
23 6329 2270 8242 1859 5800 7752 2950 4352 7337 6463 2465 2370 6746 1557 9347 7998 3529 4220 7295 7389 4644 1563 9193 
29 8104 3871 7753 6232 584 791 4162 9369 260 8083 6095 7887 2357 9326 551 6170 9576 8372 8634 571 1243 3817 436 7526 9983 3166 2201 339 9296 
25 7434 7346 1881 8159 1495 7461 5184 1978 5961 2241 5834 9004 6775 1239 6279 5985 1788 1334 3620 1545 2741 8187 4795 8324 5105 
31 8027 5664 2547 8417 1858 721 8036 7686 466 4433 3406 901 1620 214 1570 2564 1199 5386 2823 4842 428 2825 4771 3161 9492 2627 7455 4910 2515 66 18 
30 4067 6852 7021 6874 4439 372 7587 7783 1148 5446 3369 5976 4945 4587 9387 7321 7732 8973 8777 5203 2528 3293 5801 1191 8539 3789 608 9833 6927 6667 
30 5745 7090 2320 3359 7368 3367 8508 7444 4494 3340 3099 7847 5863 2495 5804 1223 8416 9557 4076 8532 8957 633 1718 4999 6793 3312 772 5746 9414 5007 
28 8138 5623 1554 2039 3703 8589 2544 5488 1580 4070 4080 7545 1709 5023 7308 9356 2867 3749 4362 860 2296 8971 2739 4907 5504 4452 9513 7414 
33 8085 403 7498 8025 8815 7651 6435 692 1715 3770 3258 5643 7994 5625 4239 3940 1705 5646 7456 9688 5053 7597 2816 7469 2478 6725 4144 3619 1946 3262 4159 9170 782 
30 313 6881 8348 2619 7086 4133 9209 3969 9448 5808 2499 1739 4636 8564 4498 9942 3151 5760 710 3097 4824 5645 2972 6022 8534 312 1682 5175 2946 7775 
30 1559 7206 2725 8879 7111 1258 9899 9998 8850 9735 819 3564 1506 3637 2047 5233 3702 192 3684 6762 9511 3352 5138 4110 6314 4011 1700 7382 5694 6878 
26 8470 2818 8225 6618 3195 7505 928 5507 2234 6943 1014 4902 5734 3321 1383 1667 3628 2654 4563 7082 7977 6890 9566 9017 1462 9604 
30 154 8774 6652 991 8829 8963 6921 7886 367 6261 1304 7602 3948 3391 2687 974 6827 1478 9744 3694 8325 8752 5500 9426 4994 5292 2019 4296 343 7542 
26 6743 5491 1430 6113 6169 9746 630 9370 1565 1185 4114 2317 6716 9793 7178 6188 1706 8566 3438 8420 5995 2731 1882 5335 9288 4555 
29 2130 2524 7484 7221 2172 5752 8048 785 4641 7633 1255 2921 2477 1099 1593 8207 5524 443 3710 7404 2625 1744 9559 9379 5938 1995 7906 4859 2298 
27 314 5761 3375 2898 958 1001 6659 1474 1052 9449 3799 9676 3711 9195 378 9133 6021 5387 8995 7398 2644 6183 4638 4652 7949 4408 9265 
31 9421 9723 4808 2199 6537 4793 6362 8155 9795 8954 3156 8255 6932 9475 33 3651 6549 5975 4501 3563 3717 7459 6989 1748 3793 8054 9751 5413 5596 4505 4895 
32 4345 9834 8888 4369 8604 4032 9894 2919 975 3722 4775 4819 3961 8404 1351 7517 8945 7112 7420 6285 1228 8081 1387 42 5622 3253 34 8265 5389 7734 9029 7519 
29 3984 5754 5091 7153 9816 8903 6938 6779 3567 7073 8452 2480 888 4671 2911 9398 7792 4628 5385 7934 8560 7672 5615 2209 4558 874 4289 6612 1639 
28 4111 3027 3189 8542 8299 7973 6351 3527 1708 5327 7065 8493 8899 4887 8243 5774 3900 7252 8174 7774 7050 2835 7356 9668 3638 2554 5001 4561 
31 3461 1158 6307 1358 3094 7152 9595 4106 7054 6678 2471 2958 6857 6983 4361 6623 1472 8611 8188 8788 6167 3186 7580 2700 7946 1184 5770 5820 6556 4235 689 
27 5813 8063 5816 8145 6937 1707 4879 1824 2556 9437 7933 6145 4785 8742 2658 5718 5543 8567 6658 9062 7614 5908 1922 8909 3432 9410 7859 
23 800 6397 3537 525 7658 8747 2304 4020 1854 7549 2237 645 7186 408 4662 1072 1757 3885 4963 7996 5461 5791 3243 
25 4714 6246 2505 6624 6912 8656 8427 9142 6639 4334 3130 2697 3520 1175 5574 9223 1879 7040 6317 8851 3635 1349 2137 5685 2550 
31 319 7102 9629 4941 6024 949 8812 5183 844 4863 3368 3965 8439 4097 8292 1389 9919 355 2308 9422 9860 2792 4850 3921 286 3101 1876 5750 5230 8521 2389 
25 479 8918 2157 5999 4265 6033 763 5883 6378 5168 4207 9315 2855 834 2878 5663 4386 8190 9931 3581 3242 5911 9244 2927 5060 
27 8050 5661 877 1827 8890 9843 1030 9401 5802 8133 1128 8618 7636 9136 5719 9886 3608 289 6264 1137 8671 8586 6761 8798 22 8972 8305 
34 5881 8488 7666 503 9199 280 4585 590 1431 6338 9286 6391 8975 3230 7008 8294 1310 1749 9067 709 1576 380 3636 6702 4223 4353 9101 1348 3959 952 7181 4202 164 7586 
28 3705 4325 4136 9517 938 4681 6928 2981 9543 2529 8784 4989 8013 8016 3282 6578 9955 813 9389 6417 8473 3139 2286 9510 9508 6776 4315 6492 
26 9675 4434 5033 914 9353 8675 2997 6313 7599 2380 986 758 4271 4735 4731 6897 410 639 9500 3225 5278 7306 303 1331 3987 223 
24 3270 1918 4120 4672 5212 8753 1629 1186 5442 2054 2306 9458 1045 9110 4256 784 1242 6896 6420 3396 2022 113 2713 809 
27 6835 8900 1230 7918 2615 1695 4459 9984 2905 3829 4597 425 5579 1384 4962 8011 158 3978 4724 3492 8131 532 4404 5846 4406 3574 1059 
25 2197 5381 43 7726 7142 3695 8068 3054 4751 3811 625 5544 7978 1103 1033 6634 4522 9148 697 7105 7863 6064 3851 6185 9609 
28 725 6163 6686 2026 7506 8750 4173 1318 3783 450 4181 54 5352 5716 6550 1596 6190 3599 9276 2456 4158 7411 304 2452 9182 4500 9135 3903 
36 2778 3724 482 463 6075 9940 7359 3559 8864 732 5298 920 910 4174 6326 7002 6705 4846 5370 6695 3538 3172 4679 2846 5828 4041 270 990 5932 3644 8555 8992 6173 2084 2493 7535 
36 5967 287 2139 7184 946 1696 1192 3061 4470 5676 7613 7958 2358 3892 8482 1114 5671 4437 6670 9600 2869 9950 7391 9498 4411 2394 3701 3323 7248 3532 2567 6349 1869 4008 2541 9429 
30 672 8326 8869 6125 4347 5149 4502 4593 4580 3404 6037 7766 3763 6381 7129 6955 831 1084 480 5438 6786 259 6099 1836 3569 5917 3590 6446 9262 2787 
27 3459 8740 5861 9874 8271 2716 6456 8605 6501 8660 4397 4881 6450 8610 5737 9700 5886 3003 1224 4554 9715 6817 2028 3157 3295 1181 5250 
27 8451 3471 2484 8613 398 9662 8223 5114 6697 8868 7800 5584 3547 8272 7336 3317 93 4061 6242 7162 9519 8789 5355 7322 4269 1537 9316 
25 6479 7015 5483 6740 688 6176 1342 4317 5772 8902 212 643 2181 8230 7809 2920 4873 6201 8922 4700 7843 9304 8181 1076 9375 
32 402 871 1969 3327 1291 468 9441 8045 1529 1456 6956 2134 4277 1624 8172 4970 6821 9704 890 9632 9895 5715 3835 2092 8147 477 9944 4545 5792 5219 3649 1981 
25 9909 9890 4623 7465 3069 2690 9869 6906 8930 2302 1333 8517 6193 1324 1791 6829 6054 6731 4647 9871 1889 3 5732 6992 9734 
30 138 8500 6558 5550 5776 7246 8553 9464 9828 4748 5045 9682 5930 6301 9282 6713 5086 1407 7033 5864 8212 4284 5239 783 1300 5798 8166 8423 6795 3329 
26 3132 8322 6401 4796 9026 8966 7141 5666 449 2669 3573 7423 3872 6115 3339 197 6855 7292 2460 3516 9320 6412 4710 2549 9236 2133 
26 3847 4251 8317 2123 8584 3212 6241 9518 6568 1817 49 4043 9827 651 6680 2760 3470 6701 5379 9878 7161 1994 4132 4285 2936 4420 
27 9289 7578 2819 7623 2125 2763 3528 1847 2502 1940 5690 9858 1697 9361 5949 4302 3689 4713 673 6204 1797 6884 6934 3457 6209 2573 3919 
34 7642 755 9002 2021 8638 2951 5213 9419 8304 6439 9352 6289 3184 1962 4337 2516 8444 4538 1448 9873 3347 5087 1454 3750 9485 7463 699 1619 5480 1314 1154 7169 4980 7419 
31 8024 5157 5402 9722 374 1948 2984 9656 6611 779 6165 7621 1914 582 8624 2043 2561 1860 6263 8240 3632 7059 2102 3373 1441 5876 3430 5969 2287 2272 2269 
32 6895 6016 6083 6594 5205 8600 8428 1391 1548 6012 847 700 8105 9254 413 3839 4247 6916 8896 4975 8842 2721 2598 4790 1037 8857 9801 9818 130 7189 80 2367 
31 2772 7244 8394 9381 1616 9531 8380 8503 3585 4030 765 9108 7691 7825 8859 6946 4237 4800 931 3040 5304 331 9903 8948 8358 1315 2980 2264 1680 7556 9239 
24 9011 730 4712 1443 2238 1780 8736 2996 5441 2940 8273 4528 4224 9844 6453 5778 5902 7671 970 8722 7543 3986 1069 4392 
29 2396 8087 5176 2115 1852 3850 341 7713 9038 723 6049 3043 2935 7573 6396 6844 587 1774 6899 4581 345 4112 4267 4003 1133 6514 104 6480 513 
29 5041 1205 9740 2842 8713 3154 3539 3210 5154 2474 1361 5101 6065 7900 6157 8984 5024 7959 9935 8630 1843 5829 5234 8543 6708 6389 221 4524 8123 
22 2963 1759 8359 8018 6647 4054 1394 7966 1061 4166 6567 822 9745 395 4072 2056 7256 7087 7709 7144 9187 9928 
30 3665 1257 1915 2521 72 2428 1812 501 8361 6273 6015 5396 2692 5751 1787 6142 7454 7661 3973 1041 8471 1689 3491 112 4254 1262 6672 4430 3169 2225 
29 3696 3666 215 2578 6187 6510 8267 1542 2922 3223 8653 7285 85 6147 2129 5545 8297 5818 9647 4004 3577 5554 195 3895 6745 4462 4856 6663 3985 
26 2588 6120 1606 2230 2268 4797 591 4248 3803 998 9014 5817 8015 4447 1254 2918 433 4957 9993 5531 1610 6947 2553 5640 2719 9372 
24 6239 273 123 8382 252 2572 2429 6380 1911 8445 2680 3199 5228 660 1595 9473 2020 552 9298 6963 3030 6561 2097 3588 
29 5687 6148 1662 4398 933 6527 2487 7347 8284 1535 3422 3416 9406 3766 3214 3093 9242 2226 426 7560 1782 447 1855 8461 7395 8919 2788 491 2729 
25 2562 2065 9405 5875 2512 9056 1240 2698 3266 454 2053 8928 7533 6930 8278 3862 3838 1163 5004 1634 2464 9577 8037 8841 4375 
27 27 2827 4665 4967 8999 3826 2176 1150 9809 4402 3276 1298 6744 7836 2046 3350 2673 905 3411 5809 2374 512 786 8895 7233 5537 6788 
26 3874 3290 9731 4165 815 9103 91 1414 4211 8126 1299 4927 8691 1444 9039 6319 1533 5962 9969 1611 9563 5367 5437 1317 8825 5463 
26 2536 4512 5221 5650 8629 6712 4682 7979 6073 6372 7530 2067 6846 1829 7074 4101 3755 3768 7737 6236 2402 1863 7855 199 3543 1837 
27 2908 5695 3524 2620 4039 8364 1219 7208 5994 6356 4583 1956 1802 8186 7272 4306 4820 4557 7883 4677 6348 7802 2676 7159 5710 1386 9855 
30 743 3501 9453 4355 2489 6754 7806 5712 8855 4013 5074 3364 4215 3394 9343 1601 2632 9032 9764 10 9311 9669 678 9709 9373 5768 6748 6872 4737 2885 
28 4675 9889 8609 423 654 5626 106 4104 3950 8578 6320 2890 1457 7557 4727 7877 5317 8516 1730 8562 3147 7228 4419 593 5628 1400 4329 5199 
24 7369 6156 2146 9147 8486 6892 7813 7908 3798 5597 3818 8161 8648 148 1305 3409 8369 9603 936 6551 1015 4169 2186 8393 
27 1256 7884 8079 8912 2378 7674 4993 9936 4184 4278 9382 4335 2161 3869 9761 8056 28 739 3120 386 1618 8338 1002 8559 7764 3046 7335 
31 5111 7390 3070 2664 1766 2412 1282 5540 7081 8800 2409 6925 8677 5384 5683 8838 2431 6837 6980 6737 6343 1891 1925 3778 1597 4341 9710 8430 2313 1590 5450 
29 1841 4007 5594 4331 2817 2414 5855 5895 9012 3488 1132 7937 5494 3308 1588 5477 6949 1957 8683 8873 2879 8234 9364 4574 4091 4389 5081 317 1435 
25 6303 5039 2509 9758 3864 8669 3982 615 5261 7853 7992 2738 4838 1793 6675 1678 1741 3297 5682 2361 3010 7593 5167 9685 8931 
28 65 6720 9837 2809 5266 3474 6841 6668 9636 6836 9393 8078 6815 517 9641 210 9173 9659 6 1026 494 7955 8714 9776 9229 7380 1935 7452 
32 1942 209 55 9462 3354 6591 4823 6361 1668 3891 4035 1426 2599 1561 9759 9560 1170 8870 663 3589 2565 9548 7263 6019 2507 2222 7993 540 9119 149 5215 8796 
22 3495 7311 1929 9433 2434 9388 1564 2096 576 2041 4301 2327 2640 1021 8128 3188 3372 5964 6013 7721 9457 8291 
28 7007 6451 8583 2274 613 712 6211 9970 3196 4789 6834 8573 2141 5428 1716 9585 4904 2329 3460 3795 8149 508 8731 8836 9435 1238 2070 4961 
27 8720 5984 2485 4954 6151 5216 5868 3523 539 2392 3688 6175 3021 8545 8238 391 8345 3863 115 8845 4307 4399 5899 3821 2188 3682 1798 
31 7196 8702 629 5050 3626 3498 988 7327 99 7652 1172 656 4349 5757 2140 4262 3335 3400 649 7711 8496 2008 9010 5170 1063 1096 8042 7013 9635 2091 1369 
27 6216 4148 3683 7654 4715 53 3330 6914 5602 3667 4119 1088 4755 5171 2660 4380 4463 5254 564 4788 9160 2427 3655 4179 9689 147 227 
27 336 3013 9917 7816 2278 7951 8003 3819 4264 8676 6684 3908 5288 8632 3808 2674 7831 708 7939 371 4096 4669 6366 1512 421 5098 8631 
27 8615 3479 4815 6136 3134 2534 4441 8075 2513 1464 4177 9021 902 9813 6256 1100 6196 9048 1397 641 9957 4504 236 6826 1844 7805 1453 
28 6251 257 4529 5925 711 6080 9073 6648 2316 8809 3939 6034 6046 9965 135 3185 5939 2386 7596 2560 7967 3244 4865 2777 6703 5104 7089 8229 
28 9487 7297 661 9412 3893 4709 6312 3351 5549 1083 9703 9846 5478 5232 6850 8311 3483 6448 4874 6783 5729 3904 2850 7607 276 4123 1520 1268 
